INFO: 2021-10-12 09:53:53,957: main() 'Using profile folder /home/jharry/.config/variety/'
INFO: 2021-10-12 09:53:53,960: perform_upgrade() 'Last run version was 0.8.5 or earlier, current version is 0.8.5'
INFO: 2021-10-12 09:53:54,105: process_command() 'Received command: ['--profile', '/home/jharry/.config/variety/']'
INFO: 2021-10-12 09:53:54,107: load_banned() 'Missing or invalid banned URLs list, no URLs will be banned'
INFO: 2021-10-12 09:53:54,116: start() 'Using data_path /usr/share/variety'
INFO: 2021-10-12 09:53:54,116: load() 'Jumble loading'
INFO: 2021-10-12 09:53:54,116: _walk_modules() 'Jumble loading module in __init__ from /usr/lib/python3.9/site-packages/variety/plugins/builtin/__init__.py'
INFO: 2021-10-12 09:53:54,117: _walk_modules() 'Jumble loading module in LocalFilesSource from /usr/lib/python3.9/site-packages/variety/plugins/builtin/quotes/LocalFilesSource.py'
INFO: 2021-10-12 09:53:54,118: load() 'Jumble found plugin class: <class 'LocalFilesSource.LocalFilesSource'>: {'name': 'Local text files', 'description': 'Displays quotes, defined in local text files.\nPut your own txt files in: /home/jharry/.config/variety/pluginconfig/quotes/.\nThe file format is:\n\nquote -- author\n.\nsecond quote -- another author\n.\netc...\n\nExample: http://rvelthuis.de/zips/quotes.txt', 'author': 'Peter Levi', 'version': '0.1'}'
INFO: 2021-10-12 09:53:54,118: _walk_modules() 'Jumble loading module in __init__ from /usr/lib/python3.9/site-packages/variety/plugins/builtin/quotes/__init__.py'
INFO: 2021-10-12 09:53:54,119: _walk_modules() 'Jumble loading module in FortuneSource from /usr/lib/python3.9/site-packages/variety/plugins/builtin/quotes/FortuneSource.py'
INFO: 2021-10-12 09:53:54,119: load() 'Jumble found plugin class: <class 'FortuneSource.FortuneSource'>: {'name': 'UNIX fortune program', 'description': 'Displays quotes using the UNIX fortune program. You may want to install additional fortune packs, e.g. fortunes-bofh-excuses.', 'author': 'Dan Jones', 'version': '0.1'}'
INFO: 2021-10-12 09:53:54,120: _walk_modules() 'Jumble loading module in GoodreadsSource from /usr/lib/python3.9/site-packages/variety/plugins/builtin/quotes/GoodreadsSource.py'
INFO: 2021-10-12 09:53:54,124: load() 'Jumble found plugin class: <class 'GoodreadsSource.GoodreadsSource'>: {'name': 'Goodreads', 'description': 'Fetches quotes from Goodreads.com', 'author': 'Peter Levi', 'version': '0.1'}'
INFO: 2021-10-12 09:53:54,125: _walk_modules() 'Jumble loading module in UrbanDictionarySource from /usr/lib/python3.9/site-packages/variety/plugins/builtin/quotes/UrbanDictionarySource.py'
INFO: 2021-10-12 09:53:54,125: load() 'Jumble found plugin class: <class 'UrbanDictionarySource.UrbanDictionarySource'>: {'name': 'Urban Dictionary', 'description': 'Displays definitions from Urban Dictionary', 'author': 'James Miller', 'version': '0.1'}'
INFO: 2021-10-12 09:53:54,125: _walk_modules() 'Jumble loading module in QuotationsPageSource from /usr/lib/python3.9/site-packages/variety/plugins/builtin/quotes/QuotationsPageSource.py'
INFO: 2021-10-12 09:53:54,126: load() 'Jumble found plugin class: <class 'QuotationsPageSource.QuotationsPageSource'>: {'name': 'TheQuotationsPage.com', 'description': 'Fetches quotes from TheQuotationsPage.com', 'author': 'Peter Levi', 'version': '0.1'}'
INFO: 2021-10-12 09:53:54,126: _walk_modules() 'Jumble loading module in APODDownloader from /usr/lib/python3.9/site-packages/variety/plugins/builtin/downloaders/APODDownloader.py'
INFO: 2021-10-12 09:53:54,127: load() 'Jumble found plugin class: <class 'APODDownloader.APODDownloader'>: {'name': 'APODDownloader', 'description': 'NASA Astro Pic of the Day', 'author': 'Peter Levi', 'version': '0.1'}'
INFO: 2021-10-12 09:53:54,127: _walk_modules() 'Jumble loading module in MediaRSSSource from /usr/lib/python3.9/site-packages/variety/plugins/builtin/downloaders/MediaRSSSource.py'
INFO: 2021-10-12 09:53:54,129: load() 'Jumble found plugin class: <class 'MediaRSSSource.MediaRSSSource'>: {'name': 'MediaRSSSource', 'description': 'Configurable source for fetching images from MediaRSS feeds', 'author': 'Peter Levi', 'version': '0.1'}'
INFO: 2021-10-12 09:53:54,129: _walk_modules() 'Jumble loading module in EarthviewDownloader from /usr/lib/python3.9/site-packages/variety/plugins/builtin/downloaders/EarthviewDownloader.py'
INFO: 2021-10-12 09:53:54,130: load() 'Jumble found plugin class: <class 'EarthviewDownloader.EarthviewDownloader'>: {'name': 'EarthviewDownloader', 'description': 'Google Earth View Wallpapers', 'author': 'Peter Levi', 'version': '0.1'}'
INFO: 2021-10-12 09:53:54,130: _walk_modules() 'Jumble loading module in __init__ from /usr/lib/python3.9/site-packages/variety/plugins/builtin/downloaders/__init__.py'
INFO: 2021-10-12 09:53:54,130: _walk_modules() 'Jumble loading module in WallhavenSource from /usr/lib/python3.9/site-packages/variety/plugins/builtin/downloaders/WallhavenSource.py'
INFO: 2021-10-12 09:53:54,131: load() 'Jumble found plugin class: <class 'WallhavenSource.WallhavenSource'>: {'name': 'WallhavenSource', 'description': 'Configurable source for fetching images from Wallhaven.cc', 'author': 'Peter Levi', 'version': '0.1'}'
INFO: 2021-10-12 09:53:54,132: _walk_modules() 'Jumble loading module in RedditSource from /usr/lib/python3.9/site-packages/variety/plugins/builtin/downloaders/RedditSource.py'
INFO: 2021-10-12 09:53:54,132: load() 'Jumble found plugin class: <class 'RedditSource.RedditSource'>: {'name': 'RedditSource', 'description': 'Configurable source for fetching images from Reddit', 'author': 'Peter Levi', 'version': '0.1'}'
INFO: 2021-10-12 09:53:54,133: _walk_modules() 'Jumble loading module in UnsplashDownloader from /usr/lib/python3.9/site-packages/variety/plugins/builtin/downloaders/UnsplashDownloader.py'
INFO: 2021-10-12 09:53:54,133: load() 'Jumble found plugin class: <class 'UnsplashDownloader.UnsplashDownloader'>: {'name': 'UnsplashDownloader', 'description': 'High-resolution photos from Unsplash.com', 'author': 'Peter Levi', 'version': '0.1'}'
INFO: 2021-10-12 09:53:54,134: _walk_modules() 'Jumble loading module in RedditDownloader from /usr/lib/python3.9/site-packages/variety/plugins/builtin/downloaders/RedditDownloader.py'
INFO: 2021-10-12 09:53:54,134: _walk_modules() 'Jumble loading module in MediaRSSDownloader from /usr/lib/python3.9/site-packages/variety/plugins/builtin/downloaders/MediaRSSDownloader.py'
INFO: 2021-10-12 09:53:54,136: _walk_modules() 'Jumble loading module in BingDownloader from /usr/lib/python3.9/site-packages/variety/plugins/builtin/downloaders/BingDownloader.py'
INFO: 2021-10-12 09:53:54,136: load() 'Jumble found plugin class: <class 'BingDownloader.BingDownloader'>: {'name': 'BingDownloader', 'description': 'Bing Photo of the Day', 'author': 'Peter Levi', 'version': '0.1'}'
INFO: 2021-10-12 09:53:54,136: _walk_modules() 'Jumble loading module in UnsplashConfigurableSource from /usr/lib/python3.9/site-packages/variety/plugins/builtin/downloaders/UnsplashConfigurableSource.py'
INFO: 2021-10-12 09:53:54,137: load() 'Jumble found plugin class: <class 'UnsplashConfigurableSource.UnsplashConfigurableSource'>: {'name': 'UnsplashConfigurableSource', 'description': 'Configurable source for fetching photos from Unsplash.com', 'author': 'Peter Levi', 'version': '0.1'}'
INFO: 2021-10-12 09:53:54,138: _walk_modules() 'Jumble loading module in WallhavenDownloader from /usr/lib/python3.9/site-packages/variety/plugins/builtin/downloaders/WallhavenDownloader.py'
INFO: 2021-10-12 09:53:54,157: reload_config() 'Creating new downloader for type flickr, location user:www.flickr.com/photos/peter-levi/;user_id:93647178@N00;'
INFO: 2021-10-12 09:53:54,157: reload_config() 'Creating new downloader for type apod, location NASA Astro Pic of the Day'
INFO: 2021-10-12 09:53:54,157: reload_config() 'Creating new downloader for type bing, location Bing Photo of the Day'
INFO: 2021-10-12 09:53:54,157: reload_config() 'Creating new downloader for type earthview, location Google Earth View Wallpapers'
INFO: 2021-10-12 09:53:54,157: reload_config() 'Creating new downloader for type unsplash, location High-resolution photos from Unsplash.com'
INFO: 2021-10-12 09:53:54,158: log_options() 'Loaded options:'
INFO: 2021-10-12 09:53:54,158: log_options() 'change_enabled = True'
INFO: 2021-10-12 09:53:54,158: log_options() 'change_interval = 300'
INFO: 2021-10-12 09:53:54,158: log_options() 'change_on_start = False'
INFO: 2021-10-12 09:53:54,159: log_options() 'clipboard_enabled = False'
INFO: 2021-10-12 09:53:54,159: log_options() 'clipboard_hosts = ['wallhaven.cc', 'wallpapers.net', 'flickr.com', 'imgur.com', 'deviantart.com', 'interfacelift.com', 'vladstudio.com', 'imageshack.us', 'deviantart.net', 'imageshack.com']'
INFO: 2021-10-12 09:53:54,159: log_options() 'clipboard_use_whitelist = True'
INFO: 2021-10-12 09:53:54,159: log_options() 'clock_date_font = Ubuntu Condensed, 30'
INFO: 2021-10-12 09:53:54,159: log_options() 'clock_enabled = False'
INFO: 2021-10-12 09:53:54,159: log_options() 'clock_filter = -density 100 -font `fc-match -f '%{file[0]}' '%CLOCK_FONT_NAME'` -pointsize %CLOCK_FONT_SIZE -gravity SouthEast -fill '#00000044' -annotate 0x0+[%HOFFSET+58]+[%VOFFSET+108] '%H:%M' -fill white -annotate 0x0+[%HOFFSET+60]+[%VOFFSET+110] '%H:%M' -font `fc-match -f '%{file[0]}' '%DATE_FONT_NAME'` -pointsize %DATE_FONT_SIZE -fill '#00000044' -annotate 0x0+[%HOFFSET+58]+[%VOFFSET+58] '%A, %B %d' -fill white -annotate 0x0+[%HOFFSET+60]+[%VOFFSET+60] '%A, %B %d''
INFO: 2021-10-12 09:53:54,159: log_options() 'clock_font = Ubuntu Condensed, 70'
INFO: 2021-10-12 09:53:54,159: log_options() 'configfile = /home/jharry/.config/variety/variety.conf'
INFO: 2021-10-12 09:53:54,159: log_options() 'copyto_enabled = False'
INFO: 2021-10-12 09:53:54,159: log_options() 'copyto_folder = Default'
INFO: 2021-10-12 09:53:54,159: log_options() 'desired_color = None'
INFO: 2021-10-12 09:53:54,159: log_options() 'desired_color_enabled = False'
INFO: 2021-10-12 09:53:54,159: log_options() 'download_folder = /home/jharry/.config/variety/Downloaded'
INFO: 2021-10-12 09:53:54,159: log_options() 'download_preference_ratio = 0.9'
INFO: 2021-10-12 09:53:54,159: log_options() 'favorites_folder = /home/jharry/.config/variety/Favorites'
INFO: 2021-10-12 09:53:54,159: log_options() 'favorites_operations = [['Downloaded', 'Copy'], ['Fetched', 'Move'], ['Others', 'Copy']]'
INFO: 2021-10-12 09:53:54,159: log_options() 'fetched_folder = /home/jharry/.config/variety/Fetched'
INFO: 2021-10-12 09:53:54,159: log_options() 'filters = [[False, 'Keep original', ''], [False, 'Grayscale', '-type Grayscale'], [False, 'Heavy blur', '-blur 120x40'], [False, 'Soft blur', '-blur 20x7'], [False, 'Oil painting', '-paint 8'], [False, 'Pointilism', '-spread 10 -noise 3'], [False, 'Pixellate', '-scale 3% -scale 3333%']]'
INFO: 2021-10-12 09:53:54,159: log_options() 'icon = Light'
INFO: 2021-10-12 09:53:54,159: log_options() 'lightness_enabled = False'
INFO: 2021-10-12 09:53:54,159: log_options() 'lightness_mode = 0'
INFO: 2021-10-12 09:53:54,159: log_options() 'min_rating = 4'
INFO: 2021-10-12 09:53:54,159: log_options() 'min_rating_enabled = False'
INFO: 2021-10-12 09:53:54,159: log_options() 'min_size = 80'
INFO: 2021-10-12 09:53:54,159: log_options() 'min_size_enabled = False'
INFO: 2021-10-12 09:53:54,159: log_options() 'quota_enabled = True'
INFO: 2021-10-12 09:53:54,159: log_options() 'quota_size = 1000'
INFO: 2021-10-12 09:53:54,159: log_options() 'quotes_authors = '
INFO: 2021-10-12 09:53:54,159: log_options() 'quotes_bg_color = [80, 80, 80]'
INFO: 2021-10-12 09:53:54,159: log_options() 'quotes_bg_opacity = 55'
INFO: 2021-10-12 09:53:54,159: log_options() 'quotes_change_enabled = False'
INFO: 2021-10-12 09:53:54,159: log_options() 'quotes_change_interval = 300'
INFO: 2021-10-12 09:53:54,159: log_options() 'quotes_disabled_sources = ['Urban Dictionary']'
INFO: 2021-10-12 09:53:54,159: log_options() 'quotes_enabled = False'
INFO: 2021-10-12 09:53:54,159: log_options() 'quotes_favorites_file = /home/jharry/.config/variety/favorite_quotes.txt'
INFO: 2021-10-12 09:53:54,159: log_options() 'quotes_font = Bitstream Charter 30'
INFO: 2021-10-12 09:53:54,159: log_options() 'quotes_hpos = 100'
INFO: 2021-10-12 09:53:54,159: log_options() 'quotes_max_length = 250'
INFO: 2021-10-12 09:53:54,160: log_options() 'quotes_tags = '
INFO: 2021-10-12 09:53:54,160: log_options() 'quotes_text_color = [255, 255, 255]'
INFO: 2021-10-12 09:53:54,160: log_options() 'quotes_text_shadow = False'
INFO: 2021-10-12 09:53:54,160: log_options() 'quotes_vpos = 40'
INFO: 2021-10-12 09:53:54,160: log_options() 'quotes_width = 70'
INFO: 2021-10-12 09:53:54,160: log_options() 'safe_mode = False'
INFO: 2021-10-12 09:53:54,160: log_options() 'slideshow_custom_enabled = False'
INFO: 2021-10-12 09:53:54,160: log_options() 'slideshow_custom_folder = /home/jharry/Pictures'
INFO: 2021-10-12 09:53:54,160: log_options() 'slideshow_downloads_enabled = False'
INFO: 2021-10-12 09:53:54,160: log_options() 'slideshow_fade = 0.4'
INFO: 2021-10-12 09:53:54,160: log_options() 'slideshow_favorites_enabled = True'
INFO: 2021-10-12 09:53:54,160: log_options() 'slideshow_mode = Fullscreen'
INFO: 2021-10-12 09:53:54,160: log_options() 'slideshow_monitor = All'
INFO: 2021-10-12 09:53:54,160: log_options() 'slideshow_pan = 0.05'
INFO: 2021-10-12 09:53:54,160: log_options() 'slideshow_seconds = 6.0'
INFO: 2021-10-12 09:53:54,160: log_options() 'slideshow_sort_order = Random'
INFO: 2021-10-12 09:53:54,160: log_options() 'slideshow_sources_enabled = True'
INFO: 2021-10-12 09:53:54,160: log_options() 'slideshow_zoom = 0.2'
INFO: 2021-10-12 09:53:54,160: log_options() 'smart_enabled = False'
INFO: 2021-10-12 09:53:54,160: log_options() 'smart_notice_shown = False'
INFO: 2021-10-12 09:53:54,160: log_options() 'smart_register_shown = False'
INFO: 2021-10-12 09:53:54,160: log_options() 'sources = [[True, 'favorites', 'The Favorites folder'], [True, 'fetched', 'The Fetched folder'], [True, 'folder', '/usr/share/backgrounds'], [True, 'flickr', 'user:www.flickr.com/photos/peter-levi/;user_id:93647178@N00;'], [True, 'apod', 'NASA Astro Pic of the Day'], [True, 'bing', 'Bing Photo of the Day'], [True, 'earthview', 'Google Earth View Wallpapers'], [True, 'unsplash', 'High-resolution photos from Unsplash.com']]'
INFO: 2021-10-12 09:53:54,160: log_options() 'stats_enabled = True'
INFO: 2021-10-12 09:53:54,160: log_options() 'stats_notice_shown = False'
INFO: 2021-10-12 09:53:54,160: log_options() 'sync_enabled = True'
INFO: 2021-10-12 09:53:54,160: log_options() 'use_landscape_enabled = True'
INFO: 2021-10-12 09:53:54,160: reload_config() 'No need to clear prepared queue'
INFO: 2021-10-12 09:53:54,160: update_indicator() 'Setting file info to: /home/jharry/.config/variety/Downloaded/nasa_apod/fireball_trail2.jpg'
INFO: 2021-10-12 09:53:54,164: load_last_change_time() 'Change interval < 6 hours, ignore persisted last_change_time, wait initially the whole interval: 300'
INFO: 2021-10-12 09:53:54,164: update_indicator() 'Setting file info to: /home/jharry/.config/variety/Downloaded/nasa_apod/fireball_trail2.jpg'
INFO: 2021-10-12 09:53:54,166: regular_change_thread() 'regular_change thread running'
INFO: 2021-10-12 09:53:54,167: prepare_thread() 'Prepare thread running'
INFO: 2021-10-12 09:53:54,167: prepare_thread() 'Prepared buffer contains 0 images'
INFO: 2021-10-12 09:53:54,167: prepare_thread() 'Preparing some images'
INFO: 2021-10-12 09:53:54,167: get_throttling() 'Bing: parsing serverside options'
INFO: 2021-10-12 09:53:54,167: get_throttling() 'Could not parse Bing serverside options, using defaults None, None'
INFO: 2021-10-12 09:53:54,167: get_throttling() 'Bing: parsing serverside options'
INFO: 2021-10-12 09:53:54,168: get_throttling() 'Could not parse Bing serverside options, using defaults None, None'
INFO: 2021-10-12 09:53:54,168: download_one() 'Bing: Downloading an image, config: None'
INFO: 2021-10-12 09:53:54,168: download_one() 'Bing: Queue size: 0'
INFO: 2021-10-12 09:53:54,168: get_throttling() 'Bing: parsing serverside options'
INFO: 2021-10-12 09:53:54,168: get_throttling() 'Could not parse Bing serverside options, using defaults None, None'
INFO: 2021-10-12 09:53:54,168: download_one() 'Bing: Filling queue'
INFO: 2021-10-12 09:53:54,196: update_indicator_icon() 'Creating indicator'
WARNING: 2021-10-12 09:53:54,204: create_menu() 'Variety Slideshow is not installed. This is an optional extension adding pan-and-zoom slideshows to Variety: see https://github.com/peterlevi/variety-slideshow for details'
INFO: 2021-10-12 09:53:54,206: create_indicator() 'indicator backend: AppIndicator3'
INFO: 2021-10-12 09:53:54,220: set_from_theme_icon() 'Showing indicator icon variety-indicator from GTK theme'
INFO: 2021-10-12 09:53:54,239: prepare_thread() 'After search prepared buffer contains 91 images'
INFO: 2021-10-12 09:53:54,264: do_set_wp() 'Calling do_set_wp with /home/jharry/.config/variety/Downloaded/nasa_apod/fireball_trail2.jpg, time: 1634050434.2646399'
INFO: 2021-10-12 09:53:54,271: update_indicator() 'Setting file info to: /home/jharry/.config/variety/Downloaded/nasa_apod/fireball_trail2.jpg'
INFO: 2021-10-12 09:53:54,275: list_files() 'More than 1 files in the folders, stop listing'
INFO: 2021-10-12 09:53:54,342: download_one() 'Bing: Queue populated with 7 URLs'
INFO: 2021-10-12 09:53:54,343: save_locally() 'Origin URL: https://www.bing.com/search?q=haliotis+iris&form=hpcapt&filters=HpDate%3a%2220211010_0700%22'
INFO: 2021-10-12 09:53:54,343: save_locally() 'Image URL: https://www.bing.com/th?id=OHR.AbaloneShell_EN-US7461837233_1920x1080.jpg&rf=LaDigue_1920x1080.jpg&pid=hp'
INFO: 2021-10-12 09:53:54,343: save_locally() 'Local path: /home/jharry/.config/variety/Downloaded/Bing/OHR.AbaloneShell_EN-US7461837233_1920x1080.jpg'
INFO: 2021-10-12 09:53:54,442: save_locally() 'Download complete'
INFO: 2021-10-12 09:53:54,443: update_indicator() 'Setting file info to: /home/jharry/.config/variety/Downloaded/nasa_apod/fireball_trail2.jpg'
INFO: 2021-10-12 09:53:54,446: list_files() 'More than 1 files in the folders, stop listing'
INFO: 2021-10-12 09:53:54,446: download_one_from() 'Adding downloaded file /home/jharry/.config/variety/Downloaded/Bing/OHR.AbaloneShell_EN-US7461837233_1920x1080.jpg to unseen_downloads'
INFO: 2021-10-12 09:53:55,446: get_throttling() 'Bing: parsing serverside options'
INFO: 2021-10-12 09:53:55,447: get_throttling() 'Could not parse Bing serverside options, using defaults None, None'
INFO: 2021-10-12 09:53:55,447: get_throttling() 'Bing: parsing serverside options'
INFO: 2021-10-12 09:53:55,447: get_throttling() 'Could not parse Bing serverside options, using defaults None, None'
INFO: 2021-10-12 09:53:55,447: download_one() 'Bing: Downloading an image, config: None'
INFO: 2021-10-12 09:53:55,447: download_one() 'Bing: Queue size: 6'
INFO: 2021-10-12 09:53:55,447: download_one() 'Bing: Queue populated with 6 URLs'
INFO: 2021-10-12 09:53:55,448: save_locally() 'Origin URL: https://www.bing.com/search?q=khuean+srinagarindra+national+park&form=hpcapt&filters=HpDate%3a%2220211007_0700%22'
INFO: 2021-10-12 09:53:55,452: save_locally() 'Image URL: https://www.bing.com/th?id=OHR.HuayMaeKhamin_EN-US1949606808_1920x1080.jpg&rf=LaDigue_1920x1080.jpg&pid=hp'
INFO: 2021-10-12 09:53:55,453: save_locally() 'Local path: /home/jharry/.config/variety/Downloaded/Bing/OHR.HuayMaeKhamin_EN-US1949606808_1920x1080.jpg'
INFO: 2021-10-12 09:53:55,615: save_locally() 'Download complete'
INFO: 2021-10-12 09:53:55,615: update_indicator() 'Setting file info to: /home/jharry/.config/variety/Downloaded/nasa_apod/fireball_trail2.jpg'
INFO: 2021-10-12 09:53:55,618: list_files() 'More than 1 files in the folders, stop listing'
INFO: 2021-10-12 09:53:55,618: download_one_from() 'Adding downloaded file /home/jharry/.config/variety/Downloaded/Bing/OHR.HuayMaeKhamin_EN-US1949606808_1920x1080.jpg to unseen_downloads'
INFO: 2021-10-12 09:53:55,619: reload() 'Reloading preferences dialog'
INFO: 2021-10-12 09:53:56,240: trigger_download() 'Triggering download thread to check if download needed'
INFO: 2021-10-12 09:53:56,619: get_throttling() 'Bing: parsing serverside options'
INFO: 2021-10-12 09:53:56,619: get_throttling() 'Could not parse Bing serverside options, using defaults None, None'
INFO: 2021-10-12 09:53:56,619: get_throttling() 'Bing: parsing serverside options'
INFO: 2021-10-12 09:53:56,619: get_throttling() 'Could not parse Bing serverside options, using defaults None, None'
INFO: 2021-10-12 09:53:56,619: download_one() 'Bing: Downloading an image, config: None'
INFO: 2021-10-12 09:53:56,619: download_one() 'Bing: Queue size: 5'
INFO: 2021-10-12 09:53:56,619: download_one() 'Bing: Queue populated with 5 URLs'
INFO: 2021-10-12 09:53:56,619: save_locally() 'Origin URL: https://www.bing.com/search?q=Totem+Bight+State+Historical+Park&form=hpcapt&filters=HpDate%3a%2220211011_0700%22'
INFO: 2021-10-12 09:53:56,619: save_locally() 'Image URL: https://www.bing.com/th?id=OHR.ClanHouse_EN-US7625745016_1920x1080.jpg&rf=LaDigue_1920x1080.jpg&pid=hp'
INFO: 2021-10-12 09:53:56,619: save_locally() 'Local path: /home/jharry/.config/variety/Downloaded/Bing/OHR.ClanHouse_EN-US7625745016_1920x1080.jpg'
INFO: 2021-10-12 09:53:56,744: save_locally() 'Download complete'
INFO: 2021-10-12 09:53:56,744: update_indicator() 'Setting file info to: /home/jharry/.config/variety/Downloaded/nasa_apod/fireball_trail2.jpg'
INFO: 2021-10-12 09:53:56,747: list_files() 'More than 1 files in the folders, stop listing'
INFO: 2021-10-12 09:53:56,747: download_one_from() 'Adding downloaded file /home/jharry/.config/variety/Downloaded/Bing/OHR.ClanHouse_EN-US7625745016_1920x1080.jpg to unseen_downloads'
INFO: 2021-10-12 09:53:57,748: get_throttling() 'Bing: parsing serverside options'
INFO: 2021-10-12 09:53:57,749: get_throttling() 'Could not parse Bing serverside options, using defaults None, None'
INFO: 2021-10-12 09:53:57,749: get_throttling() 'Bing: parsing serverside options'
INFO: 2021-10-12 09:53:57,749: get_throttling() 'Could not parse Bing serverside options, using defaults None, None'
INFO: 2021-10-12 09:53:57,749: download_one() 'Bing: Downloading an image, config: None'
INFO: 2021-10-12 09:53:57,749: download_one() 'Bing: Queue size: 4'
INFO: 2021-10-12 09:53:57,749: download_one() 'Bing: Queue populated with 4 URLs'
INFO: 2021-10-12 09:53:57,749: save_locally() 'Origin URL: https://www.bing.com/search?q=sandhill+cranes&form=hpcapt&filters=HpDate%3a%2220211009_0700%22'
INFO: 2021-10-12 09:53:57,749: save_locally() 'Image URL: https://www.bing.com/th?id=OHR.SandhillApache_EN-US7367797025_1920x1080.jpg&rf=LaDigue_1920x1080.jpg&pid=hp'
INFO: 2021-10-12 09:53:57,749: save_locally() 'Local path: /home/jharry/.config/variety/Downloaded/Bing/OHR.SandhillApache_EN-US7367797025_1920x1080.jpg'
INFO: 2021-10-12 09:53:57,878: save_locally() 'Download complete'
INFO: 2021-10-12 09:53:57,878: update_indicator() 'Setting file info to: /home/jharry/.config/variety/Downloaded/nasa_apod/fireball_trail2.jpg'
INFO: 2021-10-12 09:53:57,881: list_files() 'More than 1 files in the folders, stop listing'
INFO: 2021-10-12 09:53:57,881: download_one_from() 'Adding downloaded file /home/jharry/.config/variety/Downloaded/Bing/OHR.SandhillApache_EN-US7367797025_1920x1080.jpg to unseen_downloads'
INFO: 2021-10-12 09:53:58,882: get_throttling() 'Bing: parsing serverside options'
INFO: 2021-10-12 09:53:58,882: get_throttling() 'Could not parse Bing serverside options, using defaults None, None'
INFO: 2021-10-12 09:53:58,882: get_throttling() 'Bing: parsing serverside options'
INFO: 2021-10-12 09:53:58,882: get_throttling() 'Could not parse Bing serverside options, using defaults None, None'
INFO: 2021-10-12 09:53:58,882: download_one() 'Bing: Downloading an image, config: None'
INFO: 2021-10-12 09:53:58,882: download_one() 'Bing: Queue size: 3'
INFO: 2021-10-12 09:53:58,882: download_one() 'Bing: Queue populated with 3 URLs'
INFO: 2021-10-12 09:53:58,882: save_locally() 'Origin URL: https://www.bing.com/search?q=common+octopus&form=hpcapt&filters=HpDate%3a%2220211008_0700%22'
INFO: 2021-10-12 09:53:58,882: save_locally() 'Image URL: https://www.bing.com/th?id=OHR.FriendlyOctopus_EN-US7209624602_1920x1080.jpg&rf=LaDigue_1920x1080.jpg&pid=hp'
INFO: 2021-10-12 09:53:58,882: save_locally() 'Local path: /home/jharry/.config/variety/Downloaded/Bing/OHR.FriendlyOctopus_EN-US7209624602_1920x1080.jpg'
INFO: 2021-10-12 09:53:59,036: save_locally() 'Download complete'
INFO: 2021-10-12 09:53:59,036: update_indicator() 'Setting file info to: /home/jharry/.config/variety/Downloaded/nasa_apod/fireball_trail2.jpg'
INFO: 2021-10-12 09:53:59,039: list_files() 'More than 1 files in the folders, stop listing'
INFO: 2021-10-12 09:53:59,039: download_one_from() 'Adding downloaded file /home/jharry/.config/variety/Downloaded/Bing/OHR.FriendlyOctopus_EN-US7209624602_1920x1080.jpg to unseen_downloads'
INFO: 2021-10-12 09:54:00,040: get_throttling() 'Bing: parsing serverside options'
INFO: 2021-10-12 09:54:00,041: get_throttling() 'Could not parse Bing serverside options, using defaults None, None'
INFO: 2021-10-12 09:54:00,041: get_throttling() 'Bing: parsing serverside options'
INFO: 2021-10-12 09:54:00,041: get_throttling() 'Could not parse Bing serverside options, using defaults None, None'
INFO: 2021-10-12 09:54:00,041: download_one() 'Bing: Downloading an image, config: None'
INFO: 2021-10-12 09:54:00,041: download_one() 'Bing: Queue size: 2'
INFO: 2021-10-12 09:54:00,041: download_one() 'Bing: Queue populated with 2 URLs'
INFO: 2021-10-12 09:54:00,041: save_locally() 'Origin URL: https://www.bing.com/search?q=saint-malo+brittany+france&form=hpcapt&filters=HpDate%3a%2220211012_0700%22'
INFO: 2021-10-12 09:54:00,041: save_locally() 'Image URL: https://www.bing.com/th?id=OHR.StMalo_EN-US7686440014_1920x1080.jpg&rf=LaDigue_1920x1080.jpg&pid=hp'
INFO: 2021-10-12 09:54:00,041: save_locally() 'Local path: /home/jharry/.config/variety/Downloaded/Bing/OHR.StMalo_EN-US7686440014_1920x1080.jpg'
INFO: 2021-10-12 09:54:00,157: save_locally() 'Download complete'
INFO: 2021-10-12 09:54:00,157: update_indicator() 'Setting file info to: /home/jharry/.config/variety/Downloaded/nasa_apod/fireball_trail2.jpg'
INFO: 2021-10-12 09:54:00,160: list_files() 'More than 1 files in the folders, stop listing'
INFO: 2021-10-12 09:54:00,171: purge_downloaded() 'Refreshed download folder size: 972.9398260116577 mb'
INFO: 2021-10-12 09:54:00,171: purge_downloaded() 'Purging oldest files from download folder /home/jharry/.config/variety/Downloaded, current size: 972 mb'
ERROR: 2021-10-12 09:54:00,177: safe_unlink() 'Could not delete /home/jharry/.config/variety/Downloaded/Bing/OHR.QuayBridge_EN-US9006727077_1920x1080.jpg.metadata.json, ignoring'
Traceback (most recent call last):
  File "/usr/lib/python3.9/site-packages/variety/Util.py", line 886, in safe_unlink
    os.unlink(filepath)
FileNotFoundError: [Errno 2] No such file or directory: '/home/jharry/.config/variety/Downloaded/Bing/OHR.QuayBridge_EN-US9006727077_1920x1080.jpg.metadata.json'
ERROR: 2021-10-12 09:54:00,178: safe_unlink() 'Could not delete /home/jharry/.config/variety/Downloaded/Bing/OHR.SalisburyCrags_EN-US5552613401_1920x1080.jpg.metadata.json, ignoring'
Traceback (most recent call last):
  File "/usr/lib/python3.9/site-packages/variety/Util.py", line 886, in safe_unlink
    os.unlink(filepath)
FileNotFoundError: [Errno 2] No such file or directory: '/home/jharry/.config/variety/Downloaded/Bing/OHR.SalisburyCrags_EN-US5552613401_1920x1080.jpg.metadata.json'
ERROR: 2021-10-12 09:54:00,178: safe_unlink() 'Could not delete /home/jharry/.config/variety/Downloaded/Bing/OHR.SaltCones_EN-US8727302779_1920x1080.jpg.metadata.json, ignoring'
Traceback (most recent call last):
  File "/usr/lib/python3.9/site-packages/variety/Util.py", line 886, in safe_unlink
    os.unlink(filepath)
FileNotFoundError: [Errno 2] No such file or directory: '/home/jharry/.config/variety/Downloaded/Bing/OHR.SaltCones_EN-US8727302779_1920x1080.jpg.metadata.json'
ERROR: 2021-10-12 09:54:00,178: safe_unlink() 'Could not delete /home/jharry/.config/variety/Downloaded/Bing/OHR.Neofelis_EN-US8038280591_1920x1080.jpg.metadata.json, ignoring'
Traceback (most recent call last):
  File "/usr/lib/python3.9/site-packages/variety/Util.py", line 886, in safe_unlink
    os.unlink(filepath)
FileNotFoundError: [Errno 2] No such file or directory: '/home/jharry/.config/variety/Downloaded/Bing/OHR.Neofelis_EN-US8038280591_1920x1080.jpg.metadata.json'
ERROR: 2021-10-12 09:54:00,178: safe_unlink() 'Could not delete /home/jharry/.config/variety/Downloaded/Bing/OHR.UpperCathedral_EN-US7580471789_1920x1080.jpg.metadata.json, ignoring'
Traceback (most recent call last):
  File "/usr/lib/python3.9/site-packages/variety/Util.py", line 886, in safe_unlink
    os.unlink(filepath)
FileNotFoundError: [Errno 2] No such file or directory: '/home/jharry/.config/variety/Downloaded/Bing/OHR.UpperCathedral_EN-US7580471789_1920x1080.jpg.metadata.json'
ERROR: 2021-10-12 09:54:00,179: safe_unlink() 'Could not delete /home/jharry/.config/variety/Downloaded/Bing/OHR.WachsenburgCastle_EN-US0450745616_1920x1080.jpg.metadata.json, ignoring'
Traceback (most recent call last):
  File "/usr/lib/python3.9/site-packages/variety/Util.py", line 886, in safe_unlink
    os.unlink(filepath)
FileNotFoundError: [Errno 2] No such file or directory: '/home/jharry/.config/variety/Downloaded/Bing/OHR.WachsenburgCastle_EN-US0450745616_1920x1080.jpg.metadata.json'
ERROR: 2021-10-12 09:54:00,179: safe_unlink() 'Could not delete /home/jharry/.config/variety/Downloaded/Bing/OHR.MineBay_EN-US9163715590_1920x1080.jpg.metadata.json, ignoring'
Traceback (most recent call last):
  File "/usr/lib/python3.9/site-packages/variety/Util.py", line 886, in safe_unlink
    os.unlink(filepath)
FileNotFoundError: [Errno 2] No such file or directory: '/home/jharry/.config/variety/Downloaded/Bing/OHR.MineBay_EN-US9163715590_1920x1080.jpg.metadata.json'
ERROR: 2021-10-12 09:54:00,179: safe_unlink() 'Could not delete /home/jharry/.config/variety/Downloaded/nasa_apod/s67-50903_saturnVlaunch.jpg.metadata.json, ignoring'
Traceback (most recent call last):
  File "/usr/lib/python3.9/site-packages/variety/Util.py", line 886, in safe_unlink
    os.unlink(filepath)
FileNotFoundError: [Errno 2] No such file or directory: '/home/jharry/.config/variety/Downloaded/nasa_apod/s67-50903_saturnVlaunch.jpg.metadata.json'
ERROR: 2021-10-12 09:54:00,179: safe_unlink() 'Could not delete /home/jharry/.config/variety/Downloaded/nasa_apod/NeowiseSequence_Llorens_3044_annotated.jpg.metadata.json, ignoring'
Traceback (most recent call last):
  File "/usr/lib/python3.9/site-packages/variety/Util.py", line 886, in safe_unlink
    os.unlink(filepath)
FileNotFoundError: [Errno 2] No such file or directory: '/home/jharry/.config/variety/Downloaded/nasa_apod/NeowiseSequence_Llorens_3044_annotated.jpg.metadata.json'
ERROR: 2021-10-12 09:54:00,179: safe_unlink() 'Could not delete /home/jharry/.config/variety/Downloaded/nasa_apod/Venere-e-Mercurio-tra-gli-Eucalipti.jpg.metadata.json, ignoring'
Traceback (most recent call last):
  File "/usr/lib/python3.9/site-packages/variety/Util.py", line 886, in safe_unlink
    os.unlink(filepath)
FileNotFoundError: [Errno 2] No such file or directory: '/home/jharry/.config/variety/Downloaded/nasa_apod/Venere-e-Mercurio-tra-gli-Eucalipti.jpg.metadata.json'
ERROR: 2021-10-12 09:54:00,179: safe_unlink() 'Could not delete /home/jharry/.config/variety/Downloaded/nasa_apod/IMG_4164a.jpg.metadata.json, ignoring'
Traceback (most recent call last):
  File "/usr/lib/python3.9/site-packages/variety/Util.py", line 886, in safe_unlink
    os.unlink(filepath)
FileNotFoundError: [Errno 2] No such file or directory: '/home/jharry/.config/variety/Downloaded/nasa_apod/IMG_4164a.jpg.metadata.json'
ERROR: 2021-10-12 09:54:00,180: safe_unlink() 'Could not delete /home/jharry/.config/variety/Downloaded/nasa_apod/Reflections_APOD.jpg.metadata.json, ignoring'
Traceback (most recent call last):
  File "/usr/lib/python3.9/site-packages/variety/Util.py", line 886, in safe_unlink
    os.unlink(filepath)
FileNotFoundError: [Errno 2] No such file or directory: '/home/jharry/.config/variety/Downloaded/nasa_apod/Reflections_APOD.jpg.metadata.json'
ERROR: 2021-10-12 09:54:00,180: safe_unlink() 'Could not delete /home/jharry/.config/variety/Downloaded/nasa_apod/CygnusFilament_HubbleShatz_1472.jpg.metadata.json, ignoring'
Traceback (most recent call last):
  File "/usr/lib/python3.9/site-packages/variety/Util.py", line 886, in safe_unlink
    os.unlink(filepath)
FileNotFoundError: [Errno 2] No such file or directory: '/home/jharry/.config/variety/Downloaded/nasa_apod/CygnusFilament_HubbleShatz_1472.jpg.metadata.json'
ERROR: 2021-10-12 09:54:00,180: safe_unlink() 'Could not delete /home/jharry/.config/variety/Downloaded/nasa_apod/BeanConrad_Apollo12_950.jpg.metadata.json, ignoring'
Traceback (most recent call last):
  File "/usr/lib/python3.9/site-packages/variety/Util.py", line 886, in safe_unlink
    os.unlink(filepath)
FileNotFoundError: [Errno 2] No such file or directory: '/home/jharry/.config/variety/Downloaded/nasa_apod/BeanConrad_Apollo12_950.jpg.metadata.json'
ERROR: 2021-10-12 09:54:00,180: safe_unlink() 'Could not delete /home/jharry/.config/variety/Downloaded/nasa_apod/IssSun_Ergun_1752.jpg.metadata.json, ignoring'
Traceback (most recent call last):
  File "/usr/lib/python3.9/site-packages/variety/Util.py", line 886, in safe_unlink
    os.unlink(filepath)
FileNotFoundError: [Errno 2] No such file or directory: '/home/jharry/.config/variety/Downloaded/nasa_apod/IssSun_Ergun_1752.jpg.metadata.json'
ERROR: 2021-10-12 09:54:00,180: safe_unlink() 'Could not delete /home/jharry/.config/variety/Downloaded/nasa_apod/Tse_2020_400mm_dmwa-rot.png.metadata.json, ignoring'
Traceback (most recent call last):
  File "/usr/lib/python3.9/site-packages/variety/Util.py", line 886, in safe_unlink
    os.unlink(filepath)
FileNotFoundError: [Errno 2] No such file or directory: '/home/jharry/.config/variety/Downloaded/nasa_apod/Tse_2020_400mm_dmwa-rot.png.metadata.json'
ERROR: 2021-10-12 09:54:00,180: safe_unlink() 'Could not delete /home/jharry/.config/variety/Downloaded/nasa_apod/Chandrafirstlight_0.jpg.metadata.json, ignoring'
Traceback (most recent call last):
  File "/usr/lib/python3.9/site-packages/variety/Util.py", line 886, in safe_unlink
    os.unlink(filepath)
FileNotFoundError: [Errno 2] No such file or directory: '/home/jharry/.config/variety/Downloaded/nasa_apod/Chandrafirstlight_0.jpg.metadata.json'
ERROR: 2021-10-12 09:54:00,181: safe_unlink() 'Could not delete /home/jharry/.config/variety/Downloaded/nasa_apod/PIA24487.jpg.metadata.json, ignoring'
Traceback (most recent call last):
  File "/usr/lib/python3.9/site-packages/variety/Util.py", line 886, in safe_unlink
    os.unlink(filepath)
FileNotFoundError: [Errno 2] No such file or directory: '/home/jharry/.config/variety/Downloaded/nasa_apod/PIA24487.jpg.metadata.json'
ERROR: 2021-10-12 09:54:00,181: safe_unlink() 'Could not delete /home/jharry/.config/variety/Downloaded/nasa_apod/2019_10_29_Village_Moon_Venus_Mercury_1500px.png.metadata.json, ignoring'
Traceback (most recent call last):
  File "/usr/lib/python3.9/site-packages/variety/Util.py", line 886, in safe_unlink
    os.unlink(filepath)
FileNotFoundError: [Errno 2] No such file or directory: '/home/jharry/.config/variety/Downloaded/nasa_apod/2019_10_29_Village_Moon_Venus_Mercury_1500px.png.metadata.json'
ERROR: 2021-10-12 09:54:00,181: safe_unlink() 'Could not delete /home/jharry/.config/variety/Downloaded/nasa_apod/GegenscheinBolide_Casado_2500.jpg.metadata.json, ignoring'
Traceback (most recent call last):
  File "/usr/lib/python3.9/site-packages/variety/Util.py", line 886, in safe_unlink
    os.unlink(filepath)
FileNotFoundError: [Errno 2] No such file or directory: '/home/jharry/.config/variety/Downloaded/nasa_apod/GegenscheinBolide_Casado_2500.jpg.metadata.json'
ERROR: 2021-10-12 09:54:00,181: safe_unlink() 'Could not delete /home/jharry/.config/variety/Downloaded/nasa_apod/BeyondEarth_Unknown_3000.jpg.metadata.json, ignoring'
Traceback (most recent call last):
  File "/usr/lib/python3.9/site-packages/variety/Util.py", line 886, in safe_unlink
    os.unlink(filepath)
FileNotFoundError: [Errno 2] No such file or directory: '/home/jharry/.config/variety/Downloaded/nasa_apod/BeyondEarth_Unknown_3000.jpg.metadata.json'
ERROR: 2021-10-12 09:54:00,181: safe_unlink() 'Could not delete /home/jharry/.config/variety/Downloaded/nasa_apod/ZodiacalMw_Ponca_5834.jpg.metadata.json, ignoring'
Traceback (most recent call last):
  File "/usr/lib/python3.9/site-packages/variety/Util.py", line 886, in safe_unlink
    os.unlink(filepath)
FileNotFoundError: [Errno 2] No such file or directory: '/home/jharry/.config/variety/Downloaded/nasa_apod/ZodiacalMw_Ponca_5834.jpg.metadata.json'
ERROR: 2021-10-12 09:54:00,182: safe_unlink() 'Could not delete /home/jharry/.config/variety/Downloaded/nasa_apod/AuroraGhost_Takasaka_800.jpg.metadata.json, ignoring'
Traceback (most recent call last):
  File "/usr/lib/python3.9/site-packages/variety/Util.py", line 886, in safe_unlink
    os.unlink(filepath)
FileNotFoundError: [Errno 2] No such file or directory: '/home/jharry/.config/variety/Downloaded/nasa_apod/AuroraGhost_Takasaka_800.jpg.metadata.json'
ERROR: 2021-10-12 09:54:00,182: safe_unlink() 'Could not delete /home/jharry/.config/variety/Downloaded/nasa_apod/Abell2151_Howard_Trottier_2020_FFTelescope1024.jpg.metadata.json, ignoring'
Traceback (most recent call last):
  File "/usr/lib/python3.9/site-packages/variety/Util.py", line 886, in safe_unlink
    os.unlink(filepath)
FileNotFoundError: [Errno 2] No such file or directory: '/home/jharry/.config/variety/Downloaded/nasa_apod/Abell2151_Howard_Trottier_2020_FFTelescope1024.jpg.metadata.json'
ERROR: 2021-10-12 09:54:00,182: safe_unlink() 'Could not delete /home/jharry/.config/variety/Downloaded/nasa_apod/AndrewKlinger_wizard_sho_res25_sig.jpg.metadata.json, ignoring'
Traceback (most recent call last):
  File "/usr/lib/python3.9/site-packages/variety/Util.py", line 886, in safe_unlink
    os.unlink(filepath)
FileNotFoundError: [Errno 2] No such file or directory: '/home/jharry/.config/variety/Downloaded/nasa_apod/AndrewKlinger_wizard_sho_res25_sig.jpg.metadata.json'
ERROR: 2021-10-12 09:54:00,182: safe_unlink() 'Could not delete /home/jharry/.config/variety/Downloaded/nasa_apod/M66_HubbleShatz_2066.jpg.metadata.json, ignoring'
Traceback (most recent call last):
  File "/usr/lib/python3.9/site-packages/variety/Util.py", line 886, in safe_unlink
    os.unlink(filepath)
FileNotFoundError: [Errno 2] No such file or directory: '/home/jharry/.config/variety/Downloaded/nasa_apod/M66_HubbleShatz_2066.jpg.metadata.json'
ERROR: 2021-10-12 09:54:00,182: safe_unlink() 'Could not delete /home/jharry/.config/variety/Downloaded/nasa_apod/conjonction-montreal-200318.jpg.metadata.json, ignoring'
Traceback (most recent call last):
  File "/usr/lib/python3.9/site-packages/variety/Util.py", line 886, in safe_unlink
    os.unlink(filepath)
FileNotFoundError: [Errno 2] No such file or directory: '/home/jharry/.config/variety/Downloaded/nasa_apod/conjonction-montreal-200318.jpg.metadata.json'
ERROR: 2021-10-12 09:54:00,182: safe_unlink() 'Could not delete /home/jharry/.config/variety/Downloaded/nasa_apod/ISSlunartransit110320closeup.jpg.metadata.json, ignoring'
Traceback (most recent call last):
  File "/usr/lib/python3.9/site-packages/variety/Util.py", line 886, in safe_unlink
    os.unlink(filepath)
FileNotFoundError: [Errno 2] No such file or directory: '/home/jharry/.config/variety/Downloaded/nasa_apod/ISSlunartransit110320closeup.jpg.metadata.json'
ERROR: 2021-10-12 09:54:00,182: safe_unlink() 'Could not delete /home/jharry/.config/variety/Downloaded/nasa_apod/MarsReappearanceDuarte.jpg.metadata.json, ignoring'
Traceback (most recent call last):
  File "/usr/lib/python3.9/site-packages/variety/Util.py", line 886, in safe_unlink
    os.unlink(filepath)
FileNotFoundError: [Errno 2] No such file or directory: '/home/jharry/.config/variety/Downloaded/nasa_apod/MarsReappearanceDuarte.jpg.metadata.json'
ERROR: 2021-10-12 09:54:00,183: safe_unlink() 'Could not delete /home/jharry/.config/variety/Downloaded/nasa_apod/STSCI-H-p1953b_1106.jpg.metadata.json, ignoring'
Traceback (most recent call last):
  File "/usr/lib/python3.9/site-packages/variety/Util.py", line 886, in safe_unlink
    os.unlink(filepath)
FileNotFoundError: [Errno 2] No such file or directory: '/home/jharry/.config/variety/Downloaded/nasa_apod/STSCI-H-p1953b_1106.jpg.metadata.json'
ERROR: 2021-10-12 09:54:00,183: safe_unlink() 'Could not delete /home/jharry/.config/variety/Downloaded/nasa_apod/NacreousPMHeden.jpg.metadata.json, ignoring'
Traceback (most recent call last):
  File "/usr/lib/python3.9/site-packages/variety/Util.py", line 886, in safe_unlink
    os.unlink(filepath)
FileNotFoundError: [Errno 2] No such file or directory: '/home/jharry/.config/variety/Downloaded/nasa_apod/NacreousPMHeden.jpg.metadata.json'
ERROR: 2021-10-12 09:54:00,183: safe_unlink() 'Could not delete /home/jharry/.config/variety/Downloaded/nasa_apod/Mimas_Cassini_1800.jpg.metadata.json, ignoring'
Traceback (most recent call last):
  File "/usr/lib/python3.9/site-packages/variety/Util.py", line 886, in safe_unlink
    os.unlink(filepath)
FileNotFoundError: [Errno 2] No such file or directory: '/home/jharry/.config/variety/Downloaded/nasa_apod/Mimas_Cassini_1800.jpg.metadata.json'
ERROR: 2021-10-12 09:54:00,183: safe_unlink() 'Could not delete /home/jharry/.config/variety/Downloaded/nasa_apod/NGC6814_HubbleSchmidt_3970.jpg.metadata.json, ignoring'
Traceback (most recent call last):
  File "/usr/lib/python3.9/site-packages/variety/Util.py", line 886, in safe_unlink
    os.unlink(filepath)
FileNotFoundError: [Errno 2] No such file or directory: '/home/jharry/.config/variety/Downloaded/nasa_apod/NGC6814_HubbleSchmidt_3970.jpg.metadata.json'
ERROR: 2021-10-12 09:54:00,183: safe_unlink() 'Could not delete /home/jharry/.config/variety/Downloaded/nasa_apod/MarsApproach2_Grayson_3204.jpg.metadata.json, ignoring'
Traceback (most recent call last):
  File "/usr/lib/python3.9/site-packages/variety/Util.py", line 886, in safe_unlink
    os.unlink(filepath)
FileNotFoundError: [Errno 2] No such file or directory: '/home/jharry/.config/variety/Downloaded/nasa_apod/MarsApproach2_Grayson_3204.jpg.metadata.json'
ERROR: 2021-10-12 09:54:00,183: safe_unlink() 'Could not delete /home/jharry/.config/variety/Downloaded/nasa_apod/Mars23Jul2020-LDB3.jpg.metadata.json, ignoring'
Traceback (most recent call last):
  File "/usr/lib/python3.9/site-packages/variety/Util.py", line 886, in safe_unlink
    os.unlink(filepath)
FileNotFoundError: [Errno 2] No such file or directory: '/home/jharry/.config/variety/Downloaded/nasa_apod/Mars23Jul2020-LDB3.jpg.metadata.json'
ERROR: 2021-10-12 09:54:00,184: safe_unlink() 'Could not delete /home/jharry/.config/variety/Downloaded/nasa_apod/M77Bfield_NASA_1200.jpg.metadata.json, ignoring'
Traceback (most recent call last):
  File "/usr/lib/python3.9/site-packages/variety/Util.py", line 886, in safe_unlink
    os.unlink(filepath)
FileNotFoundError: [Errno 2] No such file or directory: '/home/jharry/.config/variety/Downloaded/nasa_apod/M77Bfield_NASA_1200.jpg.metadata.json'
ERROR: 2021-10-12 09:54:00,184: safe_unlink() 'Could not delete /home/jharry/.config/variety/Downloaded/nasa_apod/sol3048curiosityBonoraFaccin.jpg.metadata.json, ignoring'
Traceback (most recent call last):
  File "/usr/lib/python3.9/site-packages/variety/Util.py", line 886, in safe_unlink
    os.unlink(filepath)
FileNotFoundError: [Errno 2] No such file or directory: '/home/jharry/.config/variety/Downloaded/nasa_apod/sol3048curiosityBonoraFaccin.jpg.metadata.json'
ERROR: 2021-10-12 09:54:00,184: safe_unlink() 'Could not delete /home/jharry/.config/variety/Downloaded/nasa_apod/ngc474MP.jpg.metadata.json, ignoring'
Traceback (most recent call last):
  File "/usr/lib/python3.9/site-packages/variety/Util.py", line 886, in safe_unlink
    os.unlink(filepath)
FileNotFoundError: [Errno 2] No such file or directory: '/home/jharry/.config/variety/Downloaded/nasa_apod/ngc474MP.jpg.metadata.json'
ERROR: 2021-10-12 09:54:00,184: safe_unlink() 'Could not delete /home/jharry/.config/variety/Downloaded/nasa_apod/SquidBat_Akar_4485.jpg.metadata.json, ignoring'
Traceback (most recent call last):
  File "/usr/lib/python3.9/site-packages/variety/Util.py", line 886, in safe_unlink
    os.unlink(filepath)
FileNotFoundError: [Errno 2] No such file or directory: '/home/jharry/.config/variety/Downloaded/nasa_apod/SquidBat_Akar_4485.jpg.metadata.json'
ERROR: 2021-10-12 09:54:00,184: safe_unlink() 'Could not delete /home/jharry/.config/variety/Downloaded/nasa_apod/Kepler90Illustration_Kepler_1820.jpg.metadata.json, ignoring'
Traceback (most recent call last):
  File "/usr/lib/python3.9/site-packages/variety/Util.py", line 886, in safe_unlink
    os.unlink(filepath)
FileNotFoundError: [Errno 2] No such file or directory: '/home/jharry/.config/variety/Downloaded/nasa_apod/Kepler90Illustration_Kepler_1820.jpg.metadata.json'
ERROR: 2021-10-12 09:54:00,184: safe_unlink() 'Could not delete /home/jharry/.config/variety/Downloaded/nasa_apod/WinterSceneBlock.jpg.metadata.json, ignoring'
Traceback (most recent call last):
  File "/usr/lib/python3.9/site-packages/variety/Util.py", line 886, in safe_unlink
    os.unlink(filepath)
FileNotFoundError: [Errno 2] No such file or directory: '/home/jharry/.config/variety/Downloaded/nasa_apod/WinterSceneBlock.jpg.metadata.json'
ERROR: 2021-10-12 09:54:00,185: safe_unlink() 'Could not delete /home/jharry/.config/variety/Downloaded/nasa_apod/MilkyWaySaltFlat_Huerta_2048.jpg.metadata.json, ignoring'
Traceback (most recent call last):
  File "/usr/lib/python3.9/site-packages/variety/Util.py", line 886, in safe_unlink
    os.unlink(filepath)
FileNotFoundError: [Errno 2] No such file or directory: '/home/jharry/.config/variety/Downloaded/nasa_apod/MilkyWaySaltFlat_Huerta_2048.jpg.metadata.json'
ERROR: 2021-10-12 09:54:00,185: safe_unlink() 'Could not delete /home/jharry/.config/variety/Downloaded/nasa_apod/LightningStorm_Randall_5184.jpg.metadata.json, ignoring'
Traceback (most recent call last):
  File "/usr/lib/python3.9/site-packages/variety/Util.py", line 886, in safe_unlink
    os.unlink(filepath)
FileNotFoundError: [Errno 2] No such file or directory: '/home/jharry/.config/variety/Downloaded/nasa_apod/LightningStorm_Randall_5184.jpg.metadata.json'
ERROR: 2021-10-12 09:54:00,186: safe_unlink() 'Could not delete /home/jharry/.config/variety/Downloaded/nasa_apod/SaturnJupiter_Voltmer_1920.jpg.metadata.json, ignoring'
Traceback (most recent call last):
  File "/usr/lib/python3.9/site-packages/variety/Util.py", line 886, in safe_unlink
    os.unlink(filepath)
FileNotFoundError: [Errno 2] No such file or directory: '/home/jharry/.config/variety/Downloaded/nasa_apod/SaturnJupiter_Voltmer_1920.jpg.metadata.json'
ERROR: 2021-10-12 09:54:00,186: safe_unlink() 'Could not delete /home/jharry/.config/variety/Downloaded/nasa_apod/NorthSaturn_Cassini_1009.jpg.metadata.json, ignoring'
Traceback (most recent call last):
  File "/usr/lib/python3.9/site-packages/variety/Util.py", line 886, in safe_unlink
    os.unlink(filepath)
FileNotFoundError: [Errno 2] No such file or directory: '/home/jharry/.config/variety/Downloaded/nasa_apod/NorthSaturn_Cassini_1009.jpg.metadata.json'
ERROR: 2021-10-12 09:54:00,186: safe_unlink() 'Could not delete /home/jharry/.config/variety/Downloaded/nasa_apod/NGC5189_HubbleVargas_4039.jpg.metadata.json, ignoring'
Traceback (most recent call last):
  File "/usr/lib/python3.9/site-packages/variety/Util.py", line 886, in safe_unlink
    os.unlink(filepath)
FileNotFoundError: [Errno 2] No such file or directory: '/home/jharry/.config/variety/Downloaded/nasa_apod/NGC5189_HubbleVargas_4039.jpg.metadata.json'
ERROR: 2021-10-12 09:54:00,186: safe_unlink() 'Could not delete /home/jharry/.config/variety/Downloaded/nasa_apod/IMG_7493Colour.jpg.metadata.json, ignoring'
Traceback (most recent call last):
  File "/usr/lib/python3.9/site-packages/variety/Util.py", line 886, in safe_unlink
    os.unlink(filepath)
FileNotFoundError: [Errno 2] No such file or directory: '/home/jharry/.config/variety/Downloaded/nasa_apod/IMG_7493Colour.jpg.metadata.json'
ERROR: 2021-10-12 09:54:00,186: safe_unlink() 'Could not delete /home/jharry/.config/variety/Downloaded/nasa_apod/PartialSolar_Ghohroodi_1312.jpg.metadata.json, ignoring'
Traceback (most recent call last):
  File "/usr/lib/python3.9/site-packages/variety/Util.py", line 886, in safe_unlink
    os.unlink(filepath)
FileNotFoundError: [Errno 2] No such file or directory: '/home/jharry/.config/variety/Downloaded/nasa_apod/PartialSolar_Ghohroodi_1312.jpg.metadata.json'
ERROR: 2021-10-12 09:54:00,186: safe_unlink() 'Could not delete /home/jharry/.config/variety/Downloaded/nasa_apod/LighthouseMilkyWay_Salazar_3892.jpg.metadata.json, ignoring'
Traceback (most recent call last):
  File "/usr/lib/python3.9/site-packages/variety/Util.py", line 886, in safe_unlink
    os.unlink(filepath)
FileNotFoundError: [Errno 2] No such file or directory: '/home/jharry/.config/variety/Downloaded/nasa_apod/LighthouseMilkyWay_Salazar_3892.jpg.metadata.json'
ERROR: 2021-10-12 09:54:00,187: safe_unlink() 'Could not delete /home/jharry/.config/variety/Downloaded/nasa_apod/VenusClouds_Akatzuki_960.jpg.metadata.json, ignoring'
Traceback (most recent call last):
  File "/usr/lib/python3.9/site-packages/variety/Util.py", line 886, in safe_unlink
    os.unlink(filepath)
FileNotFoundError: [Errno 2] No such file or directory: '/home/jharry/.config/variety/Downloaded/nasa_apod/VenusClouds_Akatzuki_960.jpg.metadata.json'
ERROR: 2021-10-12 09:54:00,187: safe_unlink() 'Could not delete /home/jharry/.config/variety/Downloaded/nasa_apod/Magellano22detail22_1980enan11curves11.jpg.metadata.json, ignoring'
Traceback (most recent call last):
  File "/usr/lib/python3.9/site-packages/variety/Util.py", line 886, in safe_unlink
    os.unlink(filepath)
FileNotFoundError: [Errno 2] No such file or directory: '/home/jharry/.config/variety/Downloaded/nasa_apod/Magellano22detail22_1980enan11curves11.jpg.metadata.json'
ERROR: 2021-10-12 09:54:00,187: safe_unlink() 'Could not delete /home/jharry/.config/variety/Downloaded/nasa_apod/NGC1055_MP.jpg.metadata.json, ignoring'
Traceback (most recent call last):
  File "/usr/lib/python3.9/site-packages/variety/Util.py", line 886, in safe_unlink
    os.unlink(filepath)
FileNotFoundError: [Errno 2] No such file or directory: '/home/jharry/.config/variety/Downloaded/nasa_apod/NGC1055_MP.jpg.metadata.json'
ERROR: 2021-10-12 09:54:00,187: safe_unlink() 'Could not delete /home/jharry/.config/variety/Downloaded/nasa_apod/Ganymede_JunoGill_2217.jpg.metadata.json, ignoring'
Traceback (most recent call last):
  File "/usr/lib/python3.9/site-packages/variety/Util.py", line 886, in safe_unlink
    os.unlink(filepath)
FileNotFoundError: [Errno 2] No such file or directory: '/home/jharry/.config/variety/Downloaded/nasa_apod/Ganymede_JunoGill_2217.jpg.metadata.json'
ERROR: 2021-10-12 09:54:00,187: safe_unlink() 'Could not delete /home/jharry/.config/variety/Downloaded/nasa_apod/Siemiony_las_31_01_2021_2048.jpg.metadata.json, ignoring'
Traceback (most recent call last):
  File "/usr/lib/python3.9/site-packages/variety/Util.py", line 886, in safe_unlink
    os.unlink(filepath)
FileNotFoundError: [Errno 2] No such file or directory: '/home/jharry/.config/variety/Downloaded/nasa_apod/Siemiony_las_31_01_2021_2048.jpg.metadata.json'
ERROR: 2021-10-12 09:54:00,187: safe_unlink() 'Could not delete /home/jharry/.config/variety/Downloaded/nasa_apod/a14pan9335-43emj.jpg.metadata.json, ignoring'
Traceback (most recent call last):
  File "/usr/lib/python3.9/site-packages/variety/Util.py", line 886, in safe_unlink
    os.unlink(filepath)
FileNotFoundError: [Errno 2] No such file or directory: '/home/jharry/.config/variety/Downloaded/nasa_apod/a14pan9335-43emj.jpg.metadata.json'
ERROR: 2021-10-12 09:54:00,188: safe_unlink() 'Could not delete /home/jharry/.config/variety/Downloaded/nasa_apod/ngc602_ChandraHubbleSpitzer_3600.jpg.metadata.json, ignoring'
Traceback (most recent call last):
  File "/usr/lib/python3.9/site-packages/variety/Util.py", line 886, in safe_unlink
    os.unlink(filepath)
FileNotFoundError: [Errno 2] No such file or directory: '/home/jharry/.config/variety/Downloaded/nasa_apod/ngc602_ChandraHubbleSpitzer_3600.jpg.metadata.json'
ERROR: 2021-10-12 09:54:00,188: safe_unlink() 'Could not delete /home/jharry/.config/variety/Downloaded/nasa_apod/N3628_StefanoCancelli_PaulMortfield.jpg.metadata.json, ignoring'
Traceback (most recent call last):
  File "/usr/lib/python3.9/site-packages/variety/Util.py", line 886, in safe_unlink
    os.unlink(filepath)
FileNotFoundError: [Errno 2] No such file or directory: '/home/jharry/.config/variety/Downloaded/nasa_apod/N3628_StefanoCancelli_PaulMortfield.jpg.metadata.json'
ERROR: 2021-10-12 09:54:00,188: safe_unlink() 'Could not delete /home/jharry/.config/variety/Downloaded/nasa_apod/STSCI-H-p2016a-m-2000x1374.jpg.metadata.json, ignoring'
Traceback (most recent call last):
  File "/usr/lib/python3.9/site-packages/variety/Util.py", line 886, in safe_unlink
    os.unlink(filepath)
FileNotFoundError: [Errno 2] No such file or directory: '/home/jharry/.config/variety/Downloaded/nasa_apod/STSCI-H-p2016a-m-2000x1374.jpg.metadata.json'
ERROR: 2021-10-12 09:54:00,188: safe_unlink() 'Could not delete /home/jharry/.config/variety/Downloaded/nasa_apod/orion2010_spitzer.jpg.metadata.json, ignoring'
Traceback (most recent call last):
  File "/usr/lib/python3.9/site-packages/variety/Util.py", line 886, in safe_unlink
    os.unlink(filepath)
FileNotFoundError: [Errno 2] No such file or directory: '/home/jharry/.config/variety/Downloaded/nasa_apod/orion2010_spitzer.jpg.metadata.json'
ERROR: 2021-10-12 09:54:00,188: safe_unlink() 'Could not delete /home/jharry/.config/variety/Downloaded/nasa_apod/Walk_Milkyway.jpg.metadata.json, ignoring'
Traceback (most recent call last):
  File "/usr/lib/python3.9/site-packages/variety/Util.py", line 886, in safe_unlink
    os.unlink(filepath)
FileNotFoundError: [Errno 2] No such file or directory: '/home/jharry/.config/variety/Downloaded/nasa_apod/Walk_Milkyway.jpg.metadata.json'
ERROR: 2021-10-12 09:54:00,188: safe_unlink() 'Could not delete /home/jharry/.config/variety/Downloaded/nasa_apod/ISS_Moon_Mars_composite.jpg.metadata.json, ignoring'
Traceback (most recent call last):
  File "/usr/lib/python3.9/site-packages/variety/Util.py", line 886, in safe_unlink
    os.unlink(filepath)
FileNotFoundError: [Errno 2] No such file or directory: '/home/jharry/.config/variety/Downloaded/nasa_apod/ISS_Moon_Mars_composite.jpg.metadata.json'
ERROR: 2021-10-12 09:54:00,189: safe_unlink() 'Could not delete /home/jharry/.config/variety/Downloaded/nasa_apod/GWaveSources2020Oct_LigoVIrgo_2977.jpg.metadata.json, ignoring'
Traceback (most recent call last):
  File "/usr/lib/python3.9/site-packages/variety/Util.py", line 886, in safe_unlink
    os.unlink(filepath)
FileNotFoundError: [Errno 2] No such file or directory: '/home/jharry/.config/variety/Downloaded/nasa_apod/GWaveSources2020Oct_LigoVIrgo_2977.jpg.metadata.json'
ERROR: 2021-10-12 09:54:00,189: safe_unlink() 'Could not delete /home/jharry/.config/variety/Downloaded/nasa_apod/STSCI-H-p2006a-h-8333x5000.jpg.metadata.json, ignoring'
Traceback (most recent call last):
  File "/usr/lib/python3.9/site-packages/variety/Util.py", line 886, in safe_unlink
    os.unlink(filepath)
FileNotFoundError: [Errno 2] No such file or directory: '/home/jharry/.config/variety/Downloaded/nasa_apod/STSCI-H-p2006a-h-8333x5000.jpg.metadata.json'
ERROR: 2021-10-12 09:54:00,189: safe_unlink() 'Could not delete /home/jharry/.config/variety/Downloaded/nasa_apod/MilkyWayRingAlvinWu.jpg.metadata.json, ignoring'
Traceback (most recent call last):
  File "/usr/lib/python3.9/site-packages/variety/Util.py", line 886, in safe_unlink
    os.unlink(filepath)
FileNotFoundError: [Errno 2] No such file or directory: '/home/jharry/.config/variety/Downloaded/nasa_apod/MilkyWayRingAlvinWu.jpg.metadata.json'
ERROR: 2021-10-12 09:54:00,189: safe_unlink() 'Could not delete /home/jharry/.config/variety/Downloaded/nasa_apod/ElephantTrunk_Ayoub.jpg.metadata.json, ignoring'
Traceback (most recent call last):
  File "/usr/lib/python3.9/site-packages/variety/Util.py", line 886, in safe_unlink
    os.unlink(filepath)
FileNotFoundError: [Errno 2] No such file or directory: '/home/jharry/.config/variety/Downloaded/nasa_apod/ElephantTrunk_Ayoub.jpg.metadata.json'
ERROR: 2021-10-12 09:54:00,189: safe_unlink() 'Could not delete /home/jharry/.config/variety/Downloaded/nasa_apod/MoonJupiterPass_Hofer_1200.jpg.metadata.json, ignoring'
Traceback (most recent call last):
  File "/usr/lib/python3.9/site-packages/variety/Util.py", line 886, in safe_unlink
    os.unlink(filepath)
FileNotFoundError: [Errno 2] No such file or directory: '/home/jharry/.config/variety/Downloaded/nasa_apod/MoonJupiterPass_Hofer_1200.jpg.metadata.json'
ERROR: 2021-10-12 09:54:00,189: safe_unlink() 'Could not delete /home/jharry/.config/variety/Downloaded/nasa_apod/PlutoEnhancedHiRes_NewHorizons_5000.jpg.metadata.json, ignoring'
Traceback (most recent call last):
  File "/usr/lib/python3.9/site-packages/variety/Util.py", line 886, in safe_unlink
    os.unlink(filepath)
FileNotFoundError: [Errno 2] No such file or directory: '/home/jharry/.config/variety/Downloaded/nasa_apod/PlutoEnhancedHiRes_NewHorizons_5000.jpg.metadata.json'
ERROR: 2021-10-12 09:54:00,190: safe_unlink() 'Could not delete /home/jharry/.config/variety/Downloaded/nasa_apod/PIA24333_fig1.jpg.metadata.json, ignoring'
Traceback (most recent call last):
  File "/usr/lib/python3.9/site-packages/variety/Util.py", line 886, in safe_unlink
    os.unlink(filepath)
FileNotFoundError: [Errno 2] No such file or directory: '/home/jharry/.config/variety/Downloaded/nasa_apod/PIA24333_fig1.jpg.metadata.json'
ERROR: 2021-10-12 09:54:00,190: safe_unlink() 'Could not delete /home/jharry/.config/variety/Downloaded/nasa_apod/DistortedSunrise_Chasiotis_2442.jpg.metadata.json, ignoring'
Traceback (most recent call last):
  File "/usr/lib/python3.9/site-packages/variety/Util.py", line 886, in safe_unlink
    os.unlink(filepath)
FileNotFoundError: [Errno 2] No such file or directory: '/home/jharry/.config/variety/Downloaded/nasa_apod/DistortedSunrise_Chasiotis_2442.jpg.metadata.json'
ERROR: 2021-10-12 09:54:00,190: safe_unlink() 'Could not delete /home/jharry/.config/variety/Downloaded/nasa_apod/BeadMountains_Letian_3000.jpg.metadata.json, ignoring'
Traceback (most recent call last):
  File "/usr/lib/python3.9/site-packages/variety/Util.py", line 886, in safe_unlink
    os.unlink(filepath)
FileNotFoundError: [Errno 2] No such file or directory: '/home/jharry/.config/variety/Downloaded/nasa_apod/BeadMountains_Letian_3000.jpg.metadata.json'
ERROR: 2021-10-12 09:54:00,190: safe_unlink() 'Could not delete /home/jharry/.config/variety/Downloaded/nasa_apod/NGC1532-final3_4096r.jpg.metadata.json, ignoring'
Traceback (most recent call last):
  File "/usr/lib/python3.9/site-packages/variety/Util.py", line 886, in safe_unlink
    os.unlink(filepath)
FileNotFoundError: [Errno 2] No such file or directory: '/home/jharry/.config/variety/Downloaded/nasa_apod/NGC1532-final3_4096r.jpg.metadata.json'
INFO: 2021-10-12 09:54:00,191: prepare_thread() 'Prepared buffer contains 76 images'
INFO: 2021-10-12 09:54:00,191: download_one_from() 'Adding downloaded file /home/jharry/.config/variety/Downloaded/Bing/OHR.StMalo_EN-US7686440014_1920x1080.jpg to unseen_downloads'
INFO: 2021-10-12 09:54:01,192: get_throttling() 'Bing: parsing serverside options'
INFO: 2021-10-12 09:54:01,192: get_throttling() 'Could not parse Bing serverside options, using defaults None, None'
INFO: 2021-10-12 09:54:01,192: get_throttling() 'Bing: parsing serverside options'
INFO: 2021-10-12 09:54:01,192: get_throttling() 'Could not parse Bing serverside options, using defaults None, None'
INFO: 2021-10-12 09:54:01,192: download_one() 'Bing: Downloading an image, config: None'
INFO: 2021-10-12 09:54:01,192: download_one() 'Bing: Queue size: 1'
INFO: 2021-10-12 09:54:01,192: download_one() 'Bing: Queue populated with 1 URLs'
INFO: 2021-10-12 09:54:01,192: save_locally() 'Origin URL: https://www.bing.com/search?q=dallas+divide+colorado&form=hpcapt&filters=HpDate%3a%2220211006_0700%22'
INFO: 2021-10-12 09:54:01,192: save_locally() 'Image URL: https://www.bing.com/th?id=OHR.SWColorado_EN-US1870553135_1920x1080.jpg&rf=LaDigue_1920x1080.jpg&pid=hp'
INFO: 2021-10-12 09:54:01,192: save_locally() 'Local path: /home/jharry/.config/variety/Downloaded/Bing/OHR.SWColorado_EN-US1870553135_1920x1080.jpg'
INFO: 2021-10-12 09:54:01,301: save_locally() 'Download complete'
INFO: 2021-10-12 09:54:01,301: update_indicator() 'Setting file info to: /home/jharry/.config/variety/Downloaded/nasa_apod/fireball_trail2.jpg'
INFO: 2021-10-12 09:54:01,310: list_files() 'More than 1 files in the folders, stop listing'
INFO: 2021-10-12 09:54:01,311: download_one_from() 'Adding downloaded file /home/jharry/.config/variety/Downloaded/Bing/OHR.SWColorado_EN-US1870553135_1920x1080.jpg to unseen_downloads'
INFO: 2021-10-12 09:54:02,190: trigger_download() 'Triggering download thread to check if download needed'
INFO: 2021-10-12 09:54:02,190: trigger_download() 'Triggering download thread to check if download needed'
INFO: 2021-10-12 09:54:02,191: trigger_download() 'Triggering download thread to check if download needed'
INFO: 2021-10-12 09:54:02,312: get_throttling() 'Bing: parsing serverside options'
INFO: 2021-10-12 09:54:02,313: get_throttling() 'Could not parse Bing serverside options, using defaults None, None'
INFO: 2021-10-12 09:54:02,313: get_throttling() 'Bing: parsing serverside options'
INFO: 2021-10-12 09:54:02,313: get_throttling() 'Could not parse Bing serverside options, using defaults None, None'
INFO: 2021-10-12 09:54:02,313: download_one() 'Bing: Downloading an image, config: None'
INFO: 2021-10-12 09:54:02,313: download_one() 'Bing: Queue size: 0'
INFO: 2021-10-12 09:54:02,313: get_throttling() 'Bing: parsing serverside options'
INFO: 2021-10-12 09:54:02,313: get_throttling() 'Could not parse Bing serverside options, using defaults None, None'
INFO: 2021-10-12 09:54:02,313: download_one() 'Bing: Filling queue'
INFO: 2021-10-12 09:54:02,415: download_one() 'Bing: Queue populated with 7 URLs'
INFO: 2021-10-12 09:54:02,415: save_locally() 'Origin URL: https://www.bing.com/search?q=saint-malo+brittany+france&form=hpcapt&filters=HpDate%3a%2220211012_0700%22'
INFO: 2021-10-12 09:54:02,415: save_locally() 'Image URL: https://www.bing.com/th?id=OHR.StMalo_EN-US7686440014_1920x1080.jpg&rf=LaDigue_1920x1080.jpg&pid=hp'
INFO: 2021-10-12 09:54:02,415: save_locally() 'Local path: /home/jharry/.config/variety/Downloaded/Bing/OHR.StMalo_EN-US7686440014_1920x1080.jpg'
INFO: 2021-10-12 09:54:02,415: save_locally() 'File already exists, skip downloading'
INFO: 2021-10-12 09:54:03,415: get_throttling() 'NASA Astro Pic of the Day: parsing serverside options'
INFO: 2021-10-12 09:54:03,416: get_throttling() 'Could not parse NASA Astro Pic of the Day serverside options, using defaults None, None'
INFO: 2021-10-12 09:54:03,416: get_throttling() 'NASA Astro Pic of the Day: parsing serverside options'
INFO: 2021-10-12 09:54:03,416: get_throttling() 'Could not parse NASA Astro Pic of the Day serverside options, using defaults None, None'
INFO: 2021-10-12 09:54:03,416: download_one() 'NASA Astro Pic of the Day: Downloading an image, config: None'
INFO: 2021-10-12 09:54:03,416: download_one() 'NASA Astro Pic of the Day: Queue size: 0'
INFO: 2021-10-12 09:54:03,416: get_throttling() 'NASA Astro Pic of the Day: parsing serverside options'
INFO: 2021-10-12 09:54:03,416: get_throttling() 'Could not parse NASA Astro Pic of the Day serverside options, using defaults None, None'
INFO: 2021-10-12 09:54:03,416: download_one() 'NASA Astro Pic of the Day: Filling queue'
INFO: 2021-10-12 09:54:03,416: fill_queue() 'Filling APOD queue from Archive'
INFO: 2021-10-12 09:54:04,001: download_one() 'NASA Astro Pic of the Day: Queue populated with 730 URLs'
INFO: 2021-10-12 09:54:04,001: download_queue_item() 'APOD URL: http://apod.nasa.gov/apod/ap210403.html'
INFO: 2021-10-12 09:54:04,401: download_queue_item() 'Image URL: http://apod.nasa.gov/apod/image/2104/PIA24449.jpg'
INFO: 2021-10-12 09:54:04,401: save_locally() 'Origin URL: http://apod.nasa.gov/apod/ap210403.html'
INFO: 2021-10-12 09:54:04,401: save_locally() 'Image URL: http://apod.nasa.gov/apod/image/2104/PIA24449.jpg'
INFO: 2021-10-12 09:54:04,401: save_locally() 'Local path: /home/jharry/.config/variety/Downloaded/nasa_apod/PIA24449.jpg'
INFO: 2021-10-12 09:54:05,373: save_locally() 'Download complete'
INFO: 2021-10-12 09:54:05,373: update_indicator() 'Setting file info to: /home/jharry/.config/variety/Downloaded/nasa_apod/fireball_trail2.jpg'
INFO: 2021-10-12 09:54:05,376: list_files() 'More than 1 files in the folders, stop listing'
INFO: 2021-10-12 09:54:05,381: download_one_from() 'Adding downloaded file /home/jharry/.config/variety/Downloaded/nasa_apod/PIA24449.jpg to unseen_downloads'
INFO: 2021-10-12 09:54:06,381: get_throttling() 'NASA Astro Pic of the Day: parsing serverside options'
INFO: 2021-10-12 09:54:06,382: get_throttling() 'Could not parse NASA Astro Pic of the Day serverside options, using defaults None, None'
INFO: 2021-10-12 09:54:06,382: get_throttling() 'NASA Astro Pic of the Day: parsing serverside options'
INFO: 2021-10-12 09:54:06,382: get_throttling() 'Could not parse NASA Astro Pic of the Day serverside options, using defaults None, None'
INFO: 2021-10-12 09:54:06,382: download_one() 'NASA Astro Pic of the Day: Downloading an image, config: None'
INFO: 2021-10-12 09:54:06,382: download_one() 'NASA Astro Pic of the Day: Queue size: 729'
INFO: 2021-10-12 09:54:06,382: download_one() 'NASA Astro Pic of the Day: Queue populated with 729 URLs'
INFO: 2021-10-12 09:54:06,382: download_queue_item() 'APOD URL: http://apod.nasa.gov/apod/ap201215.html'
INFO: 2021-10-12 09:54:06,616: download_queue_item() 'Image URL: http://apod.nasa.gov/apod/image/2012/SaturnJupiter_Voltmer_1920.jpg'
INFO: 2021-10-12 09:54:06,616: save_locally() 'Origin URL: http://apod.nasa.gov/apod/ap201215.html'
INFO: 2021-10-12 09:54:06,616: save_locally() 'Image URL: http://apod.nasa.gov/apod/image/2012/SaturnJupiter_Voltmer_1920.jpg'
INFO: 2021-10-12 09:54:06,616: save_locally() 'Local path: /home/jharry/.config/variety/Downloaded/nasa_apod/SaturnJupiter_Voltmer_1920.jpg'
INFO: 2021-10-12 09:54:06,915: save_locally() 'Download complete'
INFO: 2021-10-12 09:54:06,915: update_indicator() 'Setting file info to: /home/jharry/.config/variety/Downloaded/nasa_apod/fireball_trail2.jpg'
INFO: 2021-10-12 09:54:06,918: list_files() 'More than 1 files in the folders, stop listing'
INFO: 2021-10-12 09:54:06,919: download_one_from() 'Adding downloaded file /home/jharry/.config/variety/Downloaded/nasa_apod/SaturnJupiter_Voltmer_1920.jpg to unseen_downloads'
INFO: 2021-10-12 09:54:07,919: get_throttling() 'Unsplash.com: parsing serverside options'
INFO: 2021-10-12 09:54:07,920: get_throttling() 'Could not parse Unsplash.com serverside options, using defaults 10, 1'
INFO: 2021-10-12 09:54:07,920: get_throttling() 'Unsplash.com: parsing serverside options'
INFO: 2021-10-12 09:54:07,920: get_throttling() 'Could not parse Unsplash.com serverside options, using defaults 10, 1'
INFO: 2021-10-12 09:54:07,920: download_one() 'Unsplash.com: Downloading an image, config: None'
INFO: 2021-10-12 09:54:07,920: download_one() 'Unsplash.com: Queue size: 0'
INFO: 2021-10-12 09:54:07,920: get_throttling() 'Unsplash.com: parsing serverside options'
INFO: 2021-10-12 09:54:07,920: get_throttling() 'Could not parse Unsplash.com serverside options, using defaults 10, 1'
INFO: 2021-10-12 09:54:07,920: download_one() 'Unsplash.com: Filling queue'
INFO: 2021-10-12 09:54:07,920: fill_queue() 'Filling Unsplash queue from https://api.unsplash.com/photos/random?count=30&client_id=072e5048dfcb73a8d9ad59fcf402471518ff8df725df462b0c4fa665f466515a&orientation=landscape'
ERROR: 2021-10-12 09:54:13,103: download_one_from() 'Could not download wallpaper:'
Traceback (most recent call last):
  File "/usr/lib/python3.9/site-packages/variety/VarietyWindow.py", line 1160, in download_one_from
    file = downloader.download_one()
  File "/usr/lib/python3.9/site-packages/variety/plugins/downloaders/DefaultDownloader.py", line 141, in download_one
    items = self.fill_queue()
  File "/usr/lib/python3.9/site-packages/variety/plugins/builtin/downloaders/UnsplashDownloader.py", line 87, in fill_queue
    r = Util.request(url)
  File "/usr/lib/python3.9/site-packages/variety/Util.py", line 623, in request
    r.raise_for_status()
  File "/usr/lib/python3.9/site-packages/requests/models.py", line 943, in raise_for_status
    raise HTTPError(http_error_msg, response=self)
requests.exceptions.HTTPError: 403 Client Error: Forbidden for url: https://api.unsplash.com/photos/random?count=30&client_id=072e5048dfcb73a8d9ad59fcf402471518ff8df725df462b0c4fa665f466515a&orientation=landscape
INFO: 2021-10-12 09:54:14,111: get_throttling() 'NASA Astro Pic of the Day: parsing serverside options'
INFO: 2021-10-12 09:54:14,111: get_throttling() 'Could not parse NASA Astro Pic of the Day serverside options, using defaults None, None'
INFO: 2021-10-12 09:54:14,111: get_throttling() 'NASA Astro Pic of the Day: parsing serverside options'
INFO: 2021-10-12 09:54:14,111: get_throttling() 'Could not parse NASA Astro Pic of the Day serverside options, using defaults None, None'
INFO: 2021-10-12 09:54:14,111: download_one() 'NASA Astro Pic of the Day: Downloading an image, config: None'
INFO: 2021-10-12 09:54:14,112: download_one() 'NASA Astro Pic of the Day: Queue size: 728'
INFO: 2021-10-12 09:54:14,112: download_one() 'NASA Astro Pic of the Day: Queue populated with 728 URLs'
INFO: 2021-10-12 09:54:14,112: download_queue_item() 'APOD URL: http://apod.nasa.gov/apod/ap200224.html'
INFO: 2021-10-12 09:54:14,173: server_options_thread() 'Fetching server options from http://tiny.cc/variety-options-063'
INFO: 2021-10-12 09:54:14,377: download_queue_item() 'Image URL: http://apod.nasa.gov/apod/image/2002/MoonHalo_Mckean_5612.jpg'
INFO: 2021-10-12 09:54:14,377: save_locally() 'Origin URL: http://apod.nasa.gov/apod/ap200224.html'
INFO: 2021-10-12 09:54:14,378: save_locally() 'Image URL: http://apod.nasa.gov/apod/image/2002/MoonHalo_Mckean_5612.jpg'
INFO: 2021-10-12 09:54:14,378: save_locally() 'Local path: /home/jharry/.config/variety/Downloaded/nasa_apod/MoonHalo_Mckean_5612.jpg'
INFO: 2021-10-12 09:54:14,378: save_locally() 'File already exists, skip downloading'
INFO: 2021-10-12 09:54:14,501: server_options_thread() 'Fetched server options: {'flickr': {'min_fill_queue_interval': 1200, 'min_download_interval': 1200}, 'wallbase': {'min_fill_queue_interval': 1800, 'min_download_interval': 1800}, 'wallhaven': {'min_fill_queue_interval': 1800, 'min_download_interval': 1800}, 'wallpapers.net': {'min_fill_queue_interval': 601, 'min_download_interval': 0}, 'unsplash': {'min_fill_queue_interval': 20000000000, 'min_download_interval': 20000000000}, 'unsplash_v2': {'min_fill_queue_interval': 2000, 'min_download_interval': 1200}, 'status_message': {'0.0.1': '', '*': ''}}'
INFO: 2021-10-12 09:57:15,379: get_throttling() 'Bing: parsing serverside options'
INFO: 2021-10-12 09:57:15,379: get_throttling() 'Could not parse Bing serverside options, using defaults None, None'
INFO: 2021-10-12 09:57:15,379: get_throttling() 'Bing: parsing serverside options'
INFO: 2021-10-12 09:57:15,379: get_throttling() 'Could not parse Bing serverside options, using defaults None, None'
INFO: 2021-10-12 09:57:15,379: download_one() 'Bing: Downloading an image, config: None'
INFO: 2021-10-12 09:57:15,379: download_one() 'Bing: Queue size: 6'
INFO: 2021-10-12 09:57:15,379: download_one() 'Bing: Queue populated with 6 URLs'
INFO: 2021-10-12 09:57:15,379: save_locally() 'Origin URL: https://www.bing.com/search?q=common+octopus&form=hpcapt&filters=HpDate%3a%2220211008_0700%22'
INFO: 2021-10-12 09:57:15,380: save_locally() 'Image URL: https://www.bing.com/th?id=OHR.FriendlyOctopus_EN-US7209624602_1920x1080.jpg&rf=LaDigue_1920x1080.jpg&pid=hp'
INFO: 2021-10-12 09:57:15,380: save_locally() 'Local path: /home/jharry/.config/variety/Downloaded/Bing/OHR.FriendlyOctopus_EN-US7209624602_1920x1080.jpg'
INFO: 2021-10-12 09:57:15,380: save_locally() 'File already exists, skip downloading'
INFO: 2021-10-12 09:57:16,381: get_throttling() 'Unsplash.com: parsing serverside options'
INFO: 2021-10-12 09:57:16,381: get_throttling() 'Unsplash.com serverside options: {'min_fill_queue_interval': 2000, 'min_download_interval': 1200}'
INFO: 2021-10-12 09:57:16,382: get_throttling() 'Unsplash.com: parsing serverside options'
INFO: 2021-10-12 09:57:16,382: get_throttling() 'Unsplash.com serverside options: {'min_fill_queue_interval': 2000, 'min_download_interval': 1200}'
INFO: 2021-10-12 09:57:16,382: download_one() 'Unsplash.com: Downloading an image, config: None'
INFO: 2021-10-12 09:57:16,382: download_one() 'Unsplash.com: Queue size: 0'
INFO: 2021-10-12 09:57:16,382: get_throttling() 'Unsplash.com: parsing serverside options'
INFO: 2021-10-12 09:57:16,382: get_throttling() 'Unsplash.com serverside options: {'min_fill_queue_interval': 2000, 'min_download_interval': 1200}'
INFO: 2021-10-12 09:57:16,382: download_one() 'Unsplash.com: Queue empty, but max_queue_fills_per_hour of 1 reached, will try again later'
INFO: 2021-10-12 09:57:17,383: get_throttling() 'NASA Astro Pic of the Day: parsing serverside options'
INFO: 2021-10-12 09:57:17,384: get_throttling() 'Could not parse NASA Astro Pic of the Day serverside options, using defaults None, None'
INFO: 2021-10-12 09:57:17,384: get_throttling() 'NASA Astro Pic of the Day: parsing serverside options'
INFO: 2021-10-12 09:57:17,384: get_throttling() 'Could not parse NASA Astro Pic of the Day serverside options, using defaults None, None'
INFO: 2021-10-12 09:57:17,384: download_one() 'NASA Astro Pic of the Day: Downloading an image, config: None'
INFO: 2021-10-12 09:57:17,384: download_one() 'NASA Astro Pic of the Day: Queue size: 727'
INFO: 2021-10-12 09:57:17,384: download_one() 'NASA Astro Pic of the Day: Queue populated with 727 URLs'
INFO: 2021-10-12 09:57:17,384: download_queue_item() 'APOD URL: http://apod.nasa.gov/apod/ap210323.html'
INFO: 2021-10-12 09:57:17,686: download_queue_item() 'Image URL: http://apod.nasa.gov/apod/image/2103/MarsDuddo_Kivlehan_2250.jpg'
INFO: 2021-10-12 09:57:17,686: save_locally() 'Origin URL: http://apod.nasa.gov/apod/ap210323.html'
INFO: 2021-10-12 09:57:17,686: save_locally() 'Image URL: http://apod.nasa.gov/apod/image/2103/MarsDuddo_Kivlehan_2250.jpg'
INFO: 2021-10-12 09:57:17,686: save_locally() 'Local path: /home/jharry/.config/variety/Downloaded/nasa_apod/MarsDuddo_Kivlehan_2250.jpg'
INFO: 2021-10-12 09:57:18,571: save_locally() 'Download complete'
INFO: 2021-10-12 09:57:18,571: update_indicator() 'Setting file info to: /home/jharry/.config/variety/Downloaded/nasa_apod/fireball_trail2.jpg'
INFO: 2021-10-12 09:57:18,581: list_files() 'More than 1 files in the folders, stop listing'
INFO: 2021-10-12 09:57:18,582: prepare_thread() 'Prepared buffer contains 76 images'
INFO: 2021-10-12 09:57:19,584: get_throttling() 'NASA Astro Pic of the Day: parsing serverside options'
INFO: 2021-10-12 09:57:19,584: get_throttling() 'Could not parse NASA Astro Pic of the Day serverside options, using defaults None, None'
INFO: 2021-10-12 09:57:19,584: get_throttling() 'NASA Astro Pic of the Day: parsing serverside options'
INFO: 2021-10-12 09:57:19,584: get_throttling() 'Could not parse NASA Astro Pic of the Day serverside options, using defaults None, None'
INFO: 2021-10-12 09:57:19,584: download_one() 'NASA Astro Pic of the Day: Downloading an image, config: None'
INFO: 2021-10-12 09:57:19,584: download_one() 'NASA Astro Pic of the Day: Queue size: 726'
INFO: 2021-10-12 09:57:19,584: download_one() 'NASA Astro Pic of the Day: Queue populated with 726 URLs'
INFO: 2021-10-12 09:57:19,584: download_queue_item() 'APOD URL: http://apod.nasa.gov/apod/ap200508.html'
INFO: 2021-10-12 09:57:19,828: download_queue_item() 'Image URL: http://apod.nasa.gov/apod/image/2005/c2020_f8_2020_05_02dp.jpg'
INFO: 2021-10-12 09:57:19,828: save_locally() 'Origin URL: http://apod.nasa.gov/apod/ap200508.html'
INFO: 2021-10-12 09:57:19,828: save_locally() 'Image URL: http://apod.nasa.gov/apod/image/2005/c2020_f8_2020_05_02dp.jpg'
INFO: 2021-10-12 09:57:19,828: save_locally() 'Local path: /home/jharry/.config/variety/Downloaded/nasa_apod/c2020_f8_2020_05_02dp.jpg'
INFO: 2021-10-12 09:57:20,583: trigger_download() 'Triggering download thread to check if download needed'
INFO: 2021-10-12 09:57:21,361: save_locally() 'Download complete'
INFO: 2021-10-12 09:57:21,361: update_indicator() 'Setting file info to: /home/jharry/.config/variety/Downloaded/nasa_apod/fireball_trail2.jpg'
INFO: 2021-10-12 09:57:21,365: list_files() 'More than 1 files in the folders, stop listing'
INFO: 2021-10-12 09:57:21,365: download_one_from() 'Adding downloaded file /home/jharry/.config/variety/Downloaded/nasa_apod/c2020_f8_2020_05_02dp.jpg to unseen_downloads'
INFO: 2021-10-12 09:58:54,164: regular_change_thread() 'regular_change changes wallpaper'
INFO: 2021-10-12 09:58:54,165: set_wallpaper() 'Calling set_wallpaper with /home/jharry/.config/variety/Downloaded/Earth View/Hadramaut, Yemen (ID-2222).jpg'
INFO: 2021-10-12 09:58:54,165: prepare_thread() 'Prepared buffer contains 75 images'
INFO: 2021-10-12 09:58:54,166: do_set_wp() 'Calling do_set_wp with /home/jharry/.config/variety/Downloaded/Earth View/Hadramaut, Yemen (ID-2222).jpg, time: 1634050734.166625'
INFO: 2021-10-12 09:58:54,184: update_indicator() 'Setting file info to: /home/jharry/.config/variety/Downloaded/Earth View/Hadramaut, Yemen (ID-2222).jpg'
INFO: 2021-10-12 09:58:54,191: list_files() 'More than 1 files in the folders, stop listing'
INFO: 2021-10-12 09:58:56,166: trigger_download() 'Triggering download thread to check if download needed'
INFO: 2021-10-12 09:58:56,167: get_throttling() 'Bing: parsing serverside options'
INFO: 2021-10-12 09:58:56,167: get_throttling() 'Could not parse Bing serverside options, using defaults None, None'
INFO: 2021-10-12 09:58:56,167: get_throttling() 'Bing: parsing serverside options'
INFO: 2021-10-12 09:58:56,167: get_throttling() 'Could not parse Bing serverside options, using defaults None, None'
INFO: 2021-10-12 09:58:56,167: download_one() 'Bing: Downloading an image, config: None'
INFO: 2021-10-12 09:58:56,167: download_one() 'Bing: Queue size: 5'
INFO: 2021-10-12 09:58:56,168: download_one() 'Bing: Queue populated with 5 URLs'
INFO: 2021-10-12 09:58:56,168: save_locally() 'Origin URL: https://www.bing.com/search?q=sandhill+cranes&form=hpcapt&filters=HpDate%3a%2220211009_0700%22'
INFO: 2021-10-12 09:58:56,168: save_locally() 'Image URL: https://www.bing.com/th?id=OHR.SandhillApache_EN-US7367797025_1920x1080.jpg&rf=LaDigue_1920x1080.jpg&pid=hp'
INFO: 2021-10-12 09:58:56,168: save_locally() 'Local path: /home/jharry/.config/variety/Downloaded/Bing/OHR.SandhillApache_EN-US7367797025_1920x1080.jpg'
INFO: 2021-10-12 09:58:56,168: save_locally() 'File already exists, skip downloading'
INFO: 2021-10-12 09:58:57,170: get_throttling() 'Unsplash.com: parsing serverside options'
INFO: 2021-10-12 09:58:57,170: get_throttling() 'Unsplash.com serverside options: {'min_fill_queue_interval': 2000, 'min_download_interval': 1200}'
INFO: 2021-10-12 09:58:57,170: get_throttling() 'Unsplash.com: parsing serverside options'
INFO: 2021-10-12 09:58:57,170: get_throttling() 'Unsplash.com serverside options: {'min_fill_queue_interval': 2000, 'min_download_interval': 1200}'
INFO: 2021-10-12 09:58:57,171: download_one() 'Unsplash.com: Downloading an image, config: None'
INFO: 2021-10-12 09:58:57,171: download_one() 'Unsplash.com: Queue size: 0'
INFO: 2021-10-12 09:58:57,171: get_throttling() 'Unsplash.com: parsing serverside options'
INFO: 2021-10-12 09:58:57,171: get_throttling() 'Unsplash.com serverside options: {'min_fill_queue_interval': 2000, 'min_download_interval': 1200}'
INFO: 2021-10-12 09:58:57,171: download_one() 'Unsplash.com: Queue empty, but max_queue_fills_per_hour of 1 reached, will try again later'
INFO: 2021-10-12 10:01:58,173: get_throttling() 'Bing: parsing serverside options'
INFO: 2021-10-12 10:01:58,173: get_throttling() 'Could not parse Bing serverside options, using defaults None, None'
INFO: 2021-10-12 10:01:58,173: get_throttling() 'Bing: parsing serverside options'
INFO: 2021-10-12 10:01:58,173: get_throttling() 'Could not parse Bing serverside options, using defaults None, None'
INFO: 2021-10-12 10:01:58,174: download_one() 'Bing: Downloading an image, config: None'
INFO: 2021-10-12 10:01:58,174: download_one() 'Bing: Queue size: 4'
INFO: 2021-10-12 10:01:58,174: download_one() 'Bing: Queue populated with 4 URLs'
INFO: 2021-10-12 10:01:58,174: save_locally() 'Origin URL: https://www.bing.com/search?q=khuean+srinagarindra+national+park&form=hpcapt&filters=HpDate%3a%2220211007_0700%22'
INFO: 2021-10-12 10:01:58,174: save_locally() 'Image URL: https://www.bing.com/th?id=OHR.HuayMaeKhamin_EN-US1949606808_1920x1080.jpg&rf=LaDigue_1920x1080.jpg&pid=hp'
INFO: 2021-10-12 10:01:58,174: save_locally() 'Local path: /home/jharry/.config/variety/Downloaded/Bing/OHR.HuayMaeKhamin_EN-US1949606808_1920x1080.jpg'
INFO: 2021-10-12 10:01:58,175: save_locally() 'File already exists, skip downloading'
INFO: 2021-10-12 10:01:59,176: get_throttling() 'Unsplash.com: parsing serverside options'
INFO: 2021-10-12 10:01:59,176: get_throttling() 'Unsplash.com serverside options: {'min_fill_queue_interval': 2000, 'min_download_interval': 1200}'
INFO: 2021-10-12 10:01:59,176: get_throttling() 'Unsplash.com: parsing serverside options'
INFO: 2021-10-12 10:01:59,176: get_throttling() 'Unsplash.com serverside options: {'min_fill_queue_interval': 2000, 'min_download_interval': 1200}'
INFO: 2021-10-12 10:01:59,176: download_one() 'Unsplash.com: Downloading an image, config: None'
INFO: 2021-10-12 10:01:59,177: download_one() 'Unsplash.com: Queue size: 0'
INFO: 2021-10-12 10:01:59,177: get_throttling() 'Unsplash.com: parsing serverside options'
INFO: 2021-10-12 10:01:59,177: get_throttling() 'Unsplash.com serverside options: {'min_fill_queue_interval': 2000, 'min_download_interval': 1200}'
INFO: 2021-10-12 10:01:59,177: download_one() 'Unsplash.com: Queue empty, but max_queue_fills_per_hour of 1 reached, will try again later'
