1595906261723	mozrunner::runner	INFO	Running command: "/usr/bin/firefox" "-marionette" "-headless" "-foreground" "-no-remote" "-profile" "/tmp/rust_mozprofileVMHJRh"
*** You are running in headless mode.
1595906263124	Marionette	INFO	Listening on port 40695
1595906263130	Marionette	WARN	TLS certificate errors will be ignored for this session
JavaScript error: https://start.fedoraproject.org/, line 292: TypeError: $(...).uls is not a function
1595906265144	Marionette	INFO	Stopped listening on port 40695
1595906291920	mozrunner::runner	INFO	Running command: "/usr/bin/firefox" "-marionette" "-headless" "-foreground" "-no-remote" "-profile" "/tmp/rust_mozprofile9mxwGX"
*** You are running in headless mode.
1595906293290	Marionette	INFO	Listening on port 42071
1595906293325	Marionette	WARN	TLS certificate errors will be ignored for this session
JavaScript error: https://start.fedoraproject.org/, line 292: TypeError: $(...).uls is not a function
1595906295355	Marionette	INFO	Stopped listening on port 42071
1595906398085	mozrunner::runner	INFO	Running command: "/usr/bin/firefox" "-marionette" "-headless" "-foreground" "-no-remote" "-profile" "/tmp/rust_mozprofileutUBNs"
*** You are running in headless mode.
1595906399426	Marionette	INFO	Listening on port 38023
1595906399503	Marionette	WARN	TLS certificate errors will be ignored for this session
JavaScript error: https://start.fedoraproject.org/, line 292: TypeError: $(...).uls is not a function
1595906402295	Marionette	INFO	Stopped listening on port 38023
1595906416985	mozrunner::runner	INFO	Running command: "/usr/bin/firefox" "-marionette" "-headless" "-foreground" "-no-remote" "-profile" "/tmp/rust_mozprofiledXQpjY"
*** You are running in headless mode.
1595906418368	Marionette	INFO	Listening on port 41409
1595906418390	Marionette	WARN	TLS certificate errors will be ignored for this session
JavaScript error: https://start.fedoraproject.org/, line 292: TypeError: $(...).uls is not a function
1595906420026	Marionette	INFO	Stopped listening on port 41409
1595906423441	mozrunner::runner	INFO	Running command: "/usr/bin/firefox" "-marionette" "-headless" "-foreground" "-no-remote" "-profile" "/tmp/rust_mozprofilePgKTRq"
*** You are running in headless mode.
1595906424820	Marionette	INFO	Listening on port 42323
1595906424846	Marionette	WARN	TLS certificate errors will be ignored for this session
JavaScript error: https://start.fedoraproject.org/, line 292: TypeError: $(...).uls is not a function
1595906426808	Marionette	INFO	Stopped listening on port 42323
1595906430218	mozrunner::runner	INFO	Running command: "/usr/bin/firefox" "-marionette" "-headless" "-foreground" "-no-remote" "-profile" "/tmp/rust_mozprofile6TQ0GS"
*** You are running in headless mode.
1595906431552	Marionette	INFO	Listening on port 42345
1595906431622	Marionette	WARN	TLS certificate errors will be ignored for this session
JavaScript error: https://start.fedoraproject.org/, line 292: TypeError: $(...).uls is not a function
1595906433562	Marionette	INFO	Stopped listening on port 42345
1595906435974	mozrunner::runner	INFO	Running command: "/usr/bin/firefox" "-marionette" "-headless" "-foreground" "-no-remote" "-profile" "/tmp/rust_mozprofile9rSPVO"
*** You are running in headless mode.
1595906437353	Marionette	INFO	Listening on port 38313
1595906437378	Marionette	WARN	TLS certificate errors will be ignored for this session
JavaScript error: https://start.fedoraproject.org/, line 292: TypeError: $(...).uls is not a function
1595906439469	Marionette	INFO	Stopped listening on port 38313
1595906449452	mozrunner::runner	INFO	Running command: "/usr/bin/firefox" "-marionette" "-headless" "-foreground" "-no-remote" "-profile" "/tmp/rust_mozprofilerTd1Pj"
*** You are running in headless mode.
1595906450834	Marionette	INFO	Listening on port 33817
1595906450857	Marionette	WARN	TLS certificate errors will be ignored for this session
JavaScript error: https://start.fedoraproject.org/, line 292: TypeError: $(...).uls is not a function
1595906452897	Marionette	INFO	Stopped listening on port 33817
1595906463543	mozrunner::runner	INFO	Running command: "/usr/bin/firefox" "-marionette" "-headless" "-foreground" "-no-remote" "-profile" "/tmp/rust_mozprofile1LNLBf"
*** You are running in headless mode.
1595906464905	Marionette	INFO	Listening on port 44583
1595906464947	Marionette	WARN	TLS certificate errors will be ignored for this session
JavaScript error: https://start.fedoraproject.org/, line 292: TypeError: $(...).uls is not a function
1595906467166	Marionette	INFO	Stopped listening on port 44583
1595906470578	mozrunner::runner	INFO	Running command: "/usr/bin/firefox" "-marionette" "-headless" "-foreground" "-no-remote" "-profile" "/tmp/rust_mozprofilemsoYGe"
*** You are running in headless mode.
1595906471984	Marionette	INFO	Listening on port 36975
1595906472082	Marionette	WARN	TLS certificate errors will be ignored for this session
JavaScript error: https://start.fedoraproject.org/, line 292: TypeError: $(...).uls is not a function
1595906474265	Marionette	INFO	Stopped listening on port 36975
1595906477689	mozrunner::runner	INFO	Running command: "/usr/bin/firefox" "-marionette" "-headless" "-foreground" "-no-remote" "-profile" "/tmp/rust_mozprofileDuTk24"
*** You are running in headless mode.
1595906479060	Marionette	INFO	Listening on port 35127
1595906479095	Marionette	WARN	TLS certificate errors will be ignored for this session
JavaScript error: https://start.fedoraproject.org/, line 292: TypeError: $(...).uls is not a function
1595906481138	Marionette	INFO	Stopped listening on port 35127
1595906484550	mozrunner::runner	INFO	Running command: "/usr/bin/firefox" "-marionette" "-headless" "-foreground" "-no-remote" "-profile" "/tmp/rust_mozprofileVJoBNt"
*** You are running in headless mode.
1595906485927	Marionette	INFO	Listening on port 40905
1595906485964	Marionette	WARN	TLS certificate errors will be ignored for this session
JavaScript error: https://start.fedoraproject.org/, line 292: TypeError: $(...).uls is not a function
1595906488068	Marionette	INFO	Stopped listening on port 40905

###!!! [Parent][RunMessage] Error: Channel closing: too late to send/recv, messages will be lost

1595906590461	mozrunner::runner	INFO	Running command: "/usr/bin/firefox" "-marionette" "-headless" "-foreground" "-no-remote" "-profile" "/tmp/rust_mozprofileoc4Lpt"
*** You are running in headless mode.
1595906591879	Marionette	INFO	Listening on port 33779
1595906591966	Marionette	WARN	TLS certificate errors will be ignored for this session
JavaScript error: https://start.fedoraproject.org/, line 292: TypeError: $(...).uls is not a function
1595906593882	Marionette	INFO	Stopped listening on port 33779
1595906619307	mozrunner::runner	INFO	Running command: "/usr/bin/firefox" "-marionette" "-headless" "-foreground" "-no-remote" "-profile" "/tmp/rust_mozprofile7rZJ2W"
*** You are running in headless mode.
1595906620850	Marionette	INFO	Listening on port 33963
1595906620921	Marionette	WARN	TLS certificate errors will be ignored for this session
JavaScript error: https://start.fedoraproject.org/, line 292: TypeError: $(...).uls is not a function
1595906623197	Marionette	INFO	Stopped listening on port 33963
1595906627559	mozrunner::runner	INFO	Running command: "/usr/bin/firefox" "-marionette" "-headless" "-foreground" "-no-remote" "-profile" "/tmp/rust_mozprofile2IPltk"
*** You are running in headless mode.
1595906628982	Marionette	INFO	Listening on port 33935
1595906629063	Marionette	WARN	TLS certificate errors will be ignored for this session
JavaScript error: https://start.fedoraproject.org/, line 292: TypeError: $(...).uls is not a function
1595906632097	Marionette	INFO	Stopped listening on port 33935
1595906662075	mozrunner::runner	INFO	Running command: "/usr/bin/firefox" "-marionette" "-headless" "-foreground" "-no-remote" "-profile" "/tmp/rust_mozprofileZ2nSUQ"
*** You are running in headless mode.
1595906663479	Marionette	INFO	Listening on port 33299
1595906663579	Marionette	WARN	TLS certificate errors will be ignored for this session
JavaScript error: https://start.fedoraproject.org/, line 292: TypeError: $(...).uls is not a function
1595906665365	Marionette	INFO	Stopped listening on port 33299
1595906673899	mozrunner::runner	INFO	Running command: "/usr/bin/firefox" "-marionette" "-headless" "-foreground" "-no-remote" "-profile" "/tmp/rust_mozprofileb0csnK"
*** You are running in headless mode.
1595906675350	Marionette	INFO	Listening on port 34919
1595906675403	Marionette	WARN	TLS certificate errors will be ignored for this session
JavaScript error: https://start.fedoraproject.org/, line 292: TypeError: $(...).uls is not a function
1595906677521	Marionette	INFO	Stopped listening on port 34919
1595906759619	mozrunner::runner	INFO	Running command: "/usr/bin/firefox" "-marionette" "-headless" "-foreground" "-no-remote" "-profile" "/tmp/rust_mozprofilePIHzMq"
*** You are running in headless mode.
1595906761004	Marionette	INFO	Listening on port 45521
1595906761024	Marionette	WARN	TLS certificate errors will be ignored for this session
JavaScript error: https://start.fedoraproject.org/, line 292: TypeError: $(...).uls is not a function
1595906764917	Marionette	INFO	Stopped listening on port 45521
1595906797118	mozrunner::runner	INFO	Running command: "/usr/bin/firefox" "-marionette" "-headless" "-foreground" "-no-remote" "-profile" "/tmp/rust_mozprofileAb6xqP"
*** You are running in headless mode.
1595906798503	Marionette	INFO	Listening on port 36193
1595906798525	Marionette	WARN	TLS certificate errors will be ignored for this session
JavaScript error: https://start.fedoraproject.org/, line 292: TypeError: $(...).uls is not a function
1595906800553	Marionette	INFO	Stopped listening on port 36193
1595906875231	mozrunner::runner	INFO	Running command: "/usr/bin/firefox" "-marionette" "-headless" "-foreground" "-no-remote" "-profile" "/tmp/rust_mozprofileqkIRlz"
*** You are running in headless mode.
1595906876654	Marionette	INFO	Listening on port 33861
1595906876736	Marionette	WARN	TLS certificate errors will be ignored for this session
JavaScript error: https://start.fedoraproject.org/, line 292: TypeError: $(...).uls is not a function
1595906878624	Marionette	INFO	Stopped listening on port 33861
1595906884699	mozrunner::runner	INFO	Running command: "/usr/bin/firefox" "-marionette" "-headless" "-foreground" "-no-remote" "-profile" "/tmp/rust_mozprofilevIp3Yy"
*** You are running in headless mode.
1595906886066	Marionette	INFO	Listening on port 41027
1595906886105	Marionette	WARN	TLS certificate errors will be ignored for this session
JavaScript error: https://start.fedoraproject.org/, line 292: TypeError: $(...).uls is not a function
1595906888046	Marionette	INFO	Stopped listening on port 41027
1595906891456	mozrunner::runner	INFO	Running command: "/usr/bin/firefox" "-marionette" "-headless" "-foreground" "-no-remote" "-profile" "/tmp/rust_mozprofileKUvbFk"
*** You are running in headless mode.
1595906892843	Marionette	INFO	Listening on port 41051
1595906892863	Marionette	WARN	TLS certificate errors will be ignored for this session
JavaScript error: https://start.fedoraproject.org/, line 292: TypeError: $(...).uls is not a function
1595906895220	Marionette	INFO	Stopped listening on port 41051
1595906898631	mozrunner::runner	INFO	Running command: "/usr/bin/firefox" "-marionette" "-headless" "-foreground" "-no-remote" "-profile" "/tmp/rust_mozprofilehPnIXA"
*** You are running in headless mode.
1595906900041	Marionette	INFO	Listening on port 38003
1595906900137	Marionette	WARN	TLS certificate errors will be ignored for this session
JavaScript error: https://start.fedoraproject.org/, line 292: TypeError: $(...).uls is not a function
1595906902218	Marionette	INFO	Stopped listening on port 38003
1595907004601	mozrunner::runner	INFO	Running command: "/usr/bin/firefox" "-marionette" "-headless" "-foreground" "-no-remote" "-profile" "/tmp/rust_mozprofilekUJeeU"
*** You are running in headless mode.
1595907005891	Marionette	INFO	Listening on port 46743
1595907005906	Marionette	WARN	TLS certificate errors will be ignored for this session
JavaScript error: https://start.fedoraproject.org/, line 292: TypeError: $(...).uls is not a function
1595907010121	Marionette	INFO	Stopped listening on port 46743
1595907012532	mozrunner::runner	INFO	Running command: "/usr/bin/firefox" "-marionette" "-headless" "-foreground" "-no-remote" "-profile" "/tmp/rust_mozprofiledxIHt9"
*** You are running in headless mode.
1595907013835	Marionette	INFO	Listening on port 46577
1595907013941	Marionette	WARN	TLS certificate errors will be ignored for this session
JavaScript error: https://start.fedoraproject.org/, line 292: TypeError: $(...).uls is not a function
1595907016384	Marionette	INFO	Stopped listening on port 46577
1595907018788	mozrunner::runner	INFO	Running command: "/usr/bin/firefox" "-marionette" "-headless" "-foreground" "-no-remote" "-profile" "/tmp/rust_mozprofileqzzdg6"
*** You are running in headless mode.
1595907020171	Marionette	INFO	Listening on port 39265
1595907020194	Marionette	WARN	TLS certificate errors will be ignored for this session
JavaScript error: https://start.fedoraproject.org/, line 292: TypeError: $(...).uls is not a function
1595907022352	Marionette	INFO	Stopped listening on port 39265
1595907024749	mozrunner::runner	INFO	Running command: "/usr/bin/firefox" "-marionette" "-headless" "-foreground" "-no-remote" "-profile" "/tmp/rust_mozprofileKK7BlM"
*** You are running in headless mode.
1595907026128	Marionette	INFO	Listening on port 43021
1595907026154	Marionette	WARN	TLS certificate errors will be ignored for this session
JavaScript error: https://start.fedoraproject.org/, line 292: TypeError: $(...).uls is not a function
1595907028444	Marionette	INFO	Stopped listening on port 43021
1595907032688	mozrunner::runner	INFO	Running command: "/usr/bin/firefox" "-marionette" "-headless" "-foreground" "-no-remote" "-profile" "/tmp/rust_mozprofileLGxF0u"
*** You are running in headless mode.
1595907034071	Marionette	INFO	Listening on port 46621
1595907034094	Marionette	WARN	TLS certificate errors will be ignored for this session
JavaScript error: https://start.fedoraproject.org/, line 292: TypeError: $(...).uls is not a function
1595907035860	Marionette	INFO	Stopped listening on port 46621
1595907099111	mozrunner::runner	INFO	Running command: "/usr/bin/firefox" "-marionette" "-headless" "-foreground" "-no-remote" "-profile" "/tmp/rust_mozprofileSSfuqh"
*** You are running in headless mode.
1595907100520	Marionette	INFO	Listening on port 38915
1595907100616	Marionette	WARN	TLS certificate errors will be ignored for this session
JavaScript error: https://start.fedoraproject.org/, line 292: TypeError: $(...).uls is not a function
1595907102844	Marionette	INFO	Stopped listening on port 38915
1595907153576	mozrunner::runner	INFO	Running command: "/usr/bin/firefox" "-marionette" "-headless" "-foreground" "-no-remote" "-profile" "/tmp/rust_mozprofile4jPJbz"
*** You are running in headless mode.
1595907154971	Marionette	INFO	Listening on port 36479
1595907154980	Marionette	WARN	TLS certificate errors will be ignored for this session
JavaScript error: https://start.fedoraproject.org/, line 292: TypeError: $(...).uls is not a function
1595907157071	Marionette	INFO	Stopped listening on port 36479
1595907168760	mozrunner::runner	INFO	Running command: "/usr/bin/firefox" "-marionette" "-headless" "-foreground" "-no-remote" "-profile" "/tmp/rust_mozprofileiLlCY6"
*** You are running in headless mode.
1595907170130	Marionette	INFO	Listening on port 35229
1595907170165	Marionette	WARN	TLS certificate errors will be ignored for this session
JavaScript error: https://start.fedoraproject.org/, line 292: TypeError: $(...).uls is not a function
1595907173139	Marionette	INFO	Stopped listening on port 35229
1595907193009	mozrunner::runner	INFO	Running command: "/usr/bin/firefox" "-marionette" "-headless" "-foreground" "-no-remote" "-profile" "/tmp/rust_mozprofile7iGKhl"
*** You are running in headless mode.
1595907194405	Marionette	INFO	Listening on port 34873
1595907194414	Marionette	WARN	TLS certificate errors will be ignored for this session
JavaScript error: https://start.fedoraproject.org/, line 292: TypeError: $(...).uls is not a function
1595907196593	Marionette	INFO	Stopped listening on port 34873
1595907254056	mozrunner::runner	INFO	Running command: "/usr/bin/firefox" "-marionette" "-headless" "-foreground" "-no-remote" "-profile" "/tmp/rust_mozprofileDVtRpv"
*** You are running in headless mode.
1595907255442	Marionette	INFO	Listening on port 43277
1595907255461	Marionette	WARN	TLS certificate errors will be ignored for this session
JavaScript error: https://start.fedoraproject.org/, line 292: TypeError: $(...).uls is not a function
1595907258013	Marionette	INFO	Stopped listening on port 43277
1595907271860	mozrunner::runner	INFO	Running command: "/usr/bin/firefox" "-marionette" "-headless" "-foreground" "-no-remote" "-profile" "/tmp/rust_mozprofileqZY14J"
*** You are running in headless mode.
1595907273256	Marionette	INFO	Listening on port 35055
1595907273264	Marionette	WARN	TLS certificate errors will be ignored for this session
JavaScript error: https://start.fedoraproject.org/, line 292: TypeError: $(...).uls is not a function
1595907275360	Marionette	INFO	Stopped listening on port 35055
1595907278776	mozrunner::runner	INFO	Running command: "/usr/bin/firefox" "-marionette" "-headless" "-foreground" "-no-remote" "-profile" "/tmp/rust_mozprofileS0WOql"
*** You are running in headless mode.
1595907280167	Marionette	INFO	Listening on port 33155
1595907280183	Marionette	WARN	TLS certificate errors will be ignored for this session
JavaScript error: https://start.fedoraproject.org/, line 292: TypeError: $(...).uls is not a function
1595907281902	Marionette	INFO	Stopped listening on port 33155
1595907285308	mozrunner::runner	INFO	Running command: "/usr/bin/firefox" "-marionette" "-headless" "-foreground" "-no-remote" "-profile" "/tmp/rust_mozprofileJPU0zG"
*** You are running in headless mode.
1595907286706	Marionette	INFO	Listening on port 39847
1595907286713	Marionette	WARN	TLS certificate errors will be ignored for this session
JavaScript error: https://start.fedoraproject.org/, line 292: TypeError: $(...).uls is not a function
1595907289879	Marionette	INFO	Stopped listening on port 39847
1595907351435	mozrunner::runner	INFO	Running command: "/usr/bin/firefox" "-marionette" "-headless" "-foreground" "-no-remote" "-profile" "/tmp/rust_mozprofileicfUIX"
*** You are running in headless mode.
1595907352843	Marionette	INFO	Listening on port 36239
1595907352940	Marionette	WARN	TLS certificate errors will be ignored for this session
JavaScript error: https://start.fedoraproject.org/, line 292: TypeError: $(...).uls is not a function
1595907355288	Marionette	INFO	Stopped listening on port 36239
1595907388902	mozrunner::runner	INFO	Running command: "/usr/bin/firefox" "-marionette" "-headless" "-foreground" "-no-remote" "-profile" "/tmp/rust_mozprofile4BB3ia"
*** You are running in headless mode.
1595907390280	Marionette	INFO	Listening on port 41543
1595907390307	Marionette	WARN	TLS certificate errors will be ignored for this session
JavaScript error: https://start.fedoraproject.org/, line 292: TypeError: $(...).uls is not a function
1595907392128	Marionette	INFO	Stopped listening on port 41543
1595907436918	mozrunner::runner	INFO	Running command: "/usr/bin/firefox" "-marionette" "-headless" "-foreground" "-no-remote" "-profile" "/tmp/rust_mozprofile3NjNwJ"
*** You are running in headless mode.
1595907438318	Marionette	INFO	Listening on port 35429
1595907438326	Marionette	WARN	TLS certificate errors will be ignored for this session
JavaScript error: https://start.fedoraproject.org/, line 292: TypeError: $(...).uls is not a function
1595907440403	Marionette	INFO	Stopped listening on port 35429
1595907458939	mozrunner::runner	INFO	Running command: "/usr/bin/firefox" "-marionette" "-headless" "-foreground" "-no-remote" "-profile" "/tmp/rust_mozprofile6ix8h7"
*** You are running in headless mode.
1595907460286	Marionette	INFO	Listening on port 40539
1595907460344	Marionette	WARN	TLS certificate errors will be ignored for this session
JavaScript error: https://start.fedoraproject.org/, line 292: TypeError: $(...).uls is not a function
1595907463418	Marionette	INFO	Stopped listening on port 40539
1595907522828	mozrunner::runner	INFO	Running command: "/usr/bin/firefox" "-marionette" "-headless" "-foreground" "-no-remote" "-profile" "/tmp/rust_mozprofile4ZbS10"
*** You are running in headless mode.
1595907524232	Marionette	INFO	Listening on port 35985
1595907524366	Marionette	WARN	TLS certificate errors will be ignored for this session
JavaScript error: https://start.fedoraproject.org/, line 292: TypeError: $(...).uls is not a function
1595907526620	Marionette	INFO	Stopped listening on port 35985
1595907569586	mozrunner::runner	INFO	Running command: "/usr/bin/firefox" "-marionette" "-headless" "-foreground" "-no-remote" "-profile" "/tmp/rust_mozprofile9zD5jt"
*** You are running in headless mode.
1595907570995	Marionette	INFO	Listening on port 39893
1595907571136	Marionette	WARN	TLS certificate errors will be ignored for this session
JavaScript error: https://start.fedoraproject.org/, line 292: TypeError: $(...).uls is not a function
1595907573233	Marionette	INFO	Stopped listening on port 39893
1595907619016	mozrunner::runner	INFO	Running command: "/usr/bin/firefox" "-marionette" "-headless" "-foreground" "-no-remote" "-profile" "/tmp/rust_mozprofile6H4TIj"
*** You are running in headless mode.
1595907620416	Marionette	INFO	Listening on port 36521
1595907620422	Marionette	WARN	TLS certificate errors will be ignored for this session
JavaScript error: https://start.fedoraproject.org/, line 292: TypeError: $(...).uls is not a function
1595907622725	Marionette	INFO	Stopped listening on port 36521
1595907649935	mozrunner::runner	INFO	Running command: "/usr/bin/firefox" "-marionette" "-headless" "-foreground" "-no-remote" "-profile" "/tmp/rust_mozprofileHek0RN"
*** You are running in headless mode.
1595907651310	Marionette	INFO	Listening on port 33699
1595907651340	Marionette	WARN	TLS certificate errors will be ignored for this session
JavaScript error: https://start.fedoraproject.org/, line 292: TypeError: $(...).uls is not a function
1595907653450	Marionette	INFO	Stopped listening on port 33699
1595907675269	mozrunner::runner	INFO	Running command: "/usr/bin/firefox" "-marionette" "-headless" "-foreground" "-no-remote" "-profile" "/tmp/rust_mozprofileF4mjnJ"
*** You are running in headless mode.
1595907676640	Marionette	INFO	Listening on port 35121
1595907676673	Marionette	WARN	TLS certificate errors will be ignored for this session
JavaScript error: https://start.fedoraproject.org/, line 292: TypeError: $(...).uls is not a function
1595907678842	Marionette	INFO	Stopped listening on port 35121
1595907698949	mozrunner::runner	INFO	Running command: "/usr/bin/firefox" "-marionette" "-headless" "-foreground" "-no-remote" "-profile" "/tmp/rust_mozprofilekTUQ4r"
*** You are running in headless mode.
1595907700324	Marionette	INFO	Listening on port 41291
1595907700353	Marionette	WARN	TLS certificate errors will be ignored for this session
JavaScript error: https://start.fedoraproject.org/, line 292: TypeError: $(...).uls is not a function
1595907704443	Marionette	INFO	Stopped listening on port 41291
1595907781035	mozrunner::runner	INFO	Running command: "/usr/bin/firefox" "-marionette" "-headless" "-foreground" "-no-remote" "-profile" "/tmp/rust_mozprofiletiF8wd"
*** You are running in headless mode.
1595907782437	Marionette	INFO	Listening on port 39051
1595907782442	Marionette	WARN	TLS certificate errors will be ignored for this session
JavaScript error: https://start.fedoraproject.org/, line 292: TypeError: $(...).uls is not a function
1595907784736	Marionette	INFO	Stopped listening on port 39051
1595908003054	mozrunner::runner	INFO	Running command: "/usr/bin/firefox" "-marionette" "-headless" "-foreground" "-no-remote" "-profile" "/tmp/rust_mozprofile0Zh47c"
*** You are running in headless mode.
1595908004453	Marionette	INFO	Listening on port 39339
1595908004464	Marionette	WARN	TLS certificate errors will be ignored for this session
JavaScript error: https://start.fedoraproject.org/, line 292: TypeError: $(...).uls is not a function
1595908006993	Marionette	INFO	Stopped listening on port 39339
1595908624613	mozrunner::runner	INFO	Running command: "/usr/bin/firefox" "-marionette" "-headless" "-foreground" "-no-remote" "-profile" "/tmp/rust_mozprofileJDEo6X"
*** You are running in headless mode.
1595908626013	Marionette	INFO	Listening on port 45563
1595908626025	Marionette	WARN	TLS certificate errors will be ignored for this session
JavaScript error: https://start.fedoraproject.org/, line 292: TypeError: $(...).uls is not a function
1595908628234	Marionette	INFO	Stopped listening on port 45563
1595908732619	mozrunner::runner	INFO	Running command: "/usr/bin/firefox" "-marionette" "-headless" "-foreground" "-no-remote" "-profile" "/tmp/rust_mozprofile33T41x"
*** You are running in headless mode.
1595908734023	Marionette	INFO	Listening on port 43323
1595908734123	Marionette	WARN	TLS certificate errors will be ignored for this session
JavaScript error: https://start.fedoraproject.org/, line 292: TypeError: $(...).uls is not a function
1595908736191	Marionette	INFO	Stopped listening on port 43323
1595908742614	mozrunner::runner	INFO	Running command: "/usr/bin/firefox" "-marionette" "-headless" "-foreground" "-no-remote" "-profile" "/tmp/rust_mozprofilexZHXp6"
*** You are running in headless mode.
1595908744003	Marionette	INFO	Listening on port 42349
1595908744025	Marionette	WARN	TLS certificate errors will be ignored for this session
JavaScript error: https://start.fedoraproject.org/, line 292: TypeError: $(...).uls is not a function
1595908745967	Marionette	INFO	Stopped listening on port 42349
1595908748375	mozrunner::runner	INFO	Running command: "/usr/bin/firefox" "-marionette" "-headless" "-foreground" "-no-remote" "-profile" "/tmp/rust_mozprofileE58oz0"
*** You are running in headless mode.
1595908749770	Marionette	INFO	Listening on port 33853
1595908749791	Marionette	WARN	TLS certificate errors will be ignored for this session
JavaScript error: https://start.fedoraproject.org/, line 292: TypeError: $(...).uls is not a function
1595908751926	Marionette	INFO	Stopped listening on port 33853
1595908755335	mozrunner::runner	INFO	Running command: "/usr/bin/firefox" "-marionette" "-headless" "-foreground" "-no-remote" "-profile" "/tmp/rust_mozprofilefsA8NB"
*** You are running in headless mode.
JavaScript error: chrome://browser/content/places/browserPlacesViews.js, line 136: Error: No DOM node set for aPlacesNode.
node.type: 0. node.parent: [xpconnect wrapped nsINavHistoryResultNode]
1595908756730	Marionette	INFO	Listening on port 37973
1595908756746	Marionette	WARN	TLS certificate errors will be ignored for this session
JavaScript error: https://start.fedoraproject.org/, line 292: TypeError: $(...).uls is not a function
1595908758900	Marionette	INFO	Stopped listening on port 37973
1595908819769	mozrunner::runner	INFO	Running command: "/usr/bin/firefox" "-marionette" "-headless" "-foreground" "-no-remote" "-profile" "/tmp/rust_mozprofilex7Kawo"
*** You are running in headless mode.
1595908821220	Marionette	INFO	Listening on port 43535
1595908821274	Marionette	WARN	TLS certificate errors will be ignored for this session
JavaScript error: https://start.fedoraproject.org/, line 292: TypeError: $(...).uls is not a function
1595908823443	Marionette	INFO	Stopped listening on port 43535
1595908842759	mozrunner::runner	INFO	Running command: "/usr/bin/firefox" "-marionette" "-headless" "-foreground" "-no-remote" "-profile" "/tmp/rust_mozprofilek8c6U2"
*** You are running in headless mode.
1595908844205	Marionette	INFO	Listening on port 46451
1595908844264	Marionette	WARN	TLS certificate errors will be ignored for this session
JavaScript error: https://start.fedoraproject.org/, line 292: TypeError: $(...).uls is not a function
1595908846225	Marionette	INFO	Stopped listening on port 46451
1595908877957	mozrunner::runner	INFO	Running command: "/usr/bin/firefox" "-marionette" "-headless" "-foreground" "-no-remote" "-profile" "/tmp/rust_mozprofileDscZ33"
*** You are running in headless mode.
1595908880104	Marionette	INFO	Listening on port 41161
1595908880163	Marionette	WARN	TLS certificate errors will be ignored for this session
JavaScript error: https://start.fedoraproject.org/, line 292: TypeError: $(...).uls is not a function
1595908882064	Marionette	INFO	Stopped listening on port 41161
1595908899675	mozrunner::runner	INFO	Running command: "/usr/bin/firefox" "-marionette" "-headless" "-foreground" "-no-remote" "-profile" "/tmp/rust_mozprofileyi2Y4h"
*** You are running in headless mode.
1595908901648	Marionette	INFO	Listening on port 39771
1595908901685	Marionette	WARN	TLS certificate errors will be ignored for this session
JavaScript error: https://start.fedoraproject.org/, line 292: TypeError: $(...).uls is not a function
1595908903685	Marionette	INFO	Stopped listening on port 39771
1595908934531	mozrunner::runner	INFO	Running command: "/usr/bin/firefox" "-marionette" "-headless" "-foreground" "-no-remote" "-profile" "/tmp/rust_mozprofileuZWQ1s"
*** You are running in headless mode.
1595908935877	Marionette	INFO	Listening on port 45969
1595908935935	Marionette	WARN	TLS certificate errors will be ignored for this session
JavaScript error: https://start.fedoraproject.org/, line 292: TypeError: $(...).uls is not a function
1595908938098	Marionette	INFO	Stopped listening on port 45969
1595909040464	mozrunner::runner	INFO	Running command: "/usr/bin/firefox" "-marionette" "-headless" "-foreground" "-no-remote" "-profile" "/tmp/rust_mozprofilerxxUTQ"
*** You are running in headless mode.
1595909041879	Marionette	INFO	Listening on port 42889
1595909042011	Marionette	WARN	TLS certificate errors will be ignored for this session
JavaScript error: https://start.fedoraproject.org/, line 292: TypeError: $(...).uls is not a function
1595909043872	Marionette	INFO	Stopped listening on port 42889
1595909132968	mozrunner::runner	INFO	Running command: "/usr/bin/firefox" "-marionette" "-headless" "-foreground" "-no-remote" "-profile" "/tmp/rust_mozprofileHkPZh8"
*** You are running in headless mode.
1595909134366	Marionette	INFO	Listening on port 43801
1595909134375	Marionette	WARN	TLS certificate errors will be ignored for this session
JavaScript error: https://start.fedoraproject.org/, line 292: TypeError: $(...).uls is not a function
1595909136313	Marionette	INFO	Stopped listening on port 43801
1595909141728	mozrunner::runner	INFO	Running command: "/usr/bin/firefox" "-marionette" "-headless" "-foreground" "-no-remote" "-profile" "/tmp/rust_mozprofilehnbtXH"
*** You are running in headless mode.
1595909143123	Marionette	INFO	Listening on port 38123
1595909143134	Marionette	WARN	TLS certificate errors will be ignored for this session
JavaScript error: https://start.fedoraproject.org/, line 292: TypeError: $(...).uls is not a function
1595909145014	Marionette	INFO	Stopped listening on port 38123
1595909148424	mozrunner::runner	INFO	Running command: "/usr/bin/firefox" "-marionette" "-headless" "-foreground" "-no-remote" "-profile" "/tmp/rust_mozprofilesRq3j1"
*** You are running in headless mode.
1595909149810	Marionette	INFO	Listening on port 36723
1595909149829	Marionette	WARN	TLS certificate errors will be ignored for this session
JavaScript error: https://start.fedoraproject.org/, line 292: TypeError: $(...).uls is not a function
1595909151715	Marionette	INFO	Stopped listening on port 36723
1595909187816	mozrunner::runner	INFO	Running command: "/usr/bin/firefox" "-marionette" "-headless" "-foreground" "-no-remote" "-profile" "/tmp/rust_mozprofilePjqNEF"
*** You are running in headless mode.
1595909189195	Marionette	INFO	Listening on port 38911
1595909189220	Marionette	WARN	TLS certificate errors will be ignored for this session
JavaScript error: https://start.fedoraproject.org/, line 292: TypeError: $(...).uls is not a function
1595909191135	Marionette	INFO	Stopped listening on port 38911
1595909208396	mozrunner::runner	INFO	Running command: "/usr/bin/firefox" "-marionette" "-headless" "-foreground" "-no-remote" "-profile" "/tmp/rust_mozprofileKB3T3Z"
*** You are running in headless mode.
JavaScript error: chrome://browser/content/places/browserPlacesViews.js, line 136: Error: No DOM node set for aPlacesNode.
node.type: 0. node.parent: [xpconnect wrapped nsINavHistoryResultNode]
1595909209791	Marionette	INFO	Listening on port 34929
1595909209804	Marionette	WARN	TLS certificate errors will be ignored for this session
JavaScript error: https://start.fedoraproject.org/, line 292: TypeError: $(...).uls is not a function
1595909211618	Marionette	INFO	Stopped listening on port 34929
1595909215025	mozrunner::runner	INFO	Running command: "/usr/bin/firefox" "-marionette" "-headless" "-foreground" "-no-remote" "-profile" "/tmp/rust_mozprofileFWYyr1"
*** You are running in headless mode.
1595909216398	Marionette	INFO	Listening on port 43797
1595909216430	Marionette	WARN	TLS certificate errors will be ignored for this session
JavaScript error: https://start.fedoraproject.org/, line 292: TypeError: $(...).uls is not a function
1595909218426	Marionette	INFO	Stopped listening on port 43797
1595909227849	mozrunner::runner	INFO	Running command: "/usr/bin/firefox" "-marionette" "-headless" "-foreground" "-no-remote" "-profile" "/tmp/rust_mozprofileQJq1JY"
*** You are running in headless mode.
1595909229250	Marionette	INFO	Listening on port 45475
1595909229256	Marionette	WARN	TLS certificate errors will be ignored for this session
JavaScript error: https://start.fedoraproject.org/, line 292: TypeError: $(...).uls is not a function
1595909231490	Marionette	INFO	Stopped listening on port 45475
1595909263950	mozrunner::runner	INFO	Running command: "/usr/bin/firefox" "-marionette" "-headless" "-foreground" "-no-remote" "-profile" "/tmp/rust_mozprofilezTvrOq"
*** You are running in headless mode.
JavaScript error: chrome://browser/content/places/browserPlacesViews.js, line 136: Error: No DOM node set for aPlacesNode.
node.type: 0. node.parent: [xpconnect wrapped nsINavHistoryResultNode]
1595909265345	Marionette	INFO	Listening on port 38583
1595909265358	Marionette	WARN	TLS certificate errors will be ignored for this session
JavaScript error: https://start.fedoraproject.org/, line 292: TypeError: $(...).uls is not a function
1595909267234	Marionette	INFO	Stopped listening on port 38583
1595909274223	mozrunner::runner	INFO	Running command: "/usr/bin/firefox" "-marionette" "-headless" "-foreground" "-no-remote" "-profile" "/tmp/rust_mozprofilevcjEyF"
*** You are running in headless mode.
1595909275623	Marionette	INFO	Listening on port 37817
1595909275632	Marionette	WARN	TLS certificate errors will be ignored for this session
JavaScript error: https://start.fedoraproject.org/, line 292: TypeError: $(...).uls is not a function
1595909277489	Marionette	INFO	Stopped listening on port 37817
1595909288752	mozrunner::runner	INFO	Running command: "/usr/bin/firefox" "-marionette" "-headless" "-foreground" "-no-remote" "-profile" "/tmp/rust_mozprofile8DCS02"
*** You are running in headless mode.
1595909290145	Marionette	INFO	Listening on port 36279
1595909290157	Marionette	WARN	TLS certificate errors will be ignored for this session
JavaScript error: https://start.fedoraproject.org/, line 292: TypeError: $(...).uls is not a function
1595909292068	Marionette	INFO	Stopped listening on port 36279
1595909305061	mozrunner::runner	INFO	Running command: "/usr/bin/firefox" "-marionette" "-headless" "-foreground" "-no-remote" "-profile" "/tmp/rust_mozprofileE1N8HM"
*** You are running in headless mode.
1595909306455	Marionette	INFO	Listening on port 40271
1595909306466	Marionette	WARN	TLS certificate errors will be ignored for this session
JavaScript error: https://start.fedoraproject.org/, line 292: TypeError: $(...).uls is not a function
1595909308641	Marionette	INFO	Stopped listening on port 40271
1595909340005	mozrunner::runner	INFO	Running command: "/usr/bin/firefox" "-marionette" "-headless" "-foreground" "-no-remote" "-profile" "/tmp/rust_mozprofileRggPcR"
*** You are running in headless mode.
1595909341397	Marionette	INFO	Listening on port 38863
1595909341409	Marionette	WARN	TLS certificate errors will be ignored for this session
JavaScript error: https://start.fedoraproject.org/, line 292: TypeError: $(...).uls is not a function
1595909343382	Marionette	INFO	Stopped listening on port 38863
1595909359486	mozrunner::runner	INFO	Running command: "/usr/bin/firefox" "-marionette" "-headless" "-foreground" "-no-remote" "-profile" "/tmp/rust_mozprofile20mU90"
*** You are running in headless mode.
1595909360880	Marionette	INFO	Listening on port 38223
1595909360894	Marionette	WARN	TLS certificate errors will be ignored for this session
JavaScript error: https://start.fedoraproject.org/, line 292: TypeError: $(...).uls is not a function
1595909363652	Marionette	INFO	Stopped listening on port 38223
1595909409015	mozrunner::runner	INFO	Running command: "/usr/bin/firefox" "-marionette" "-headless" "-foreground" "-no-remote" "-profile" "/tmp/rust_mozprofileK6LAAx"
*** You are running in headless mode.
1595909410393	Marionette	INFO	Listening on port 34645
1595909410432	Marionette	WARN	TLS certificate errors will be ignored for this session
JavaScript error: https://start.fedoraproject.org/, line 292: TypeError: $(...).uls is not a function
1595909412570	Marionette	INFO	Stopped listening on port 34645
1595909424827	mozrunner::runner	INFO	Running command: "/usr/bin/firefox" "-marionette" "-headless" "-foreground" "-no-remote" "-profile" "/tmp/rust_mozprofileEcWNN4"
*** You are running in headless mode.
1595909426232	Marionette	INFO	Listening on port 37051
1595909426370	Marionette	WARN	TLS certificate errors will be ignored for this session
JavaScript error: https://start.fedoraproject.org/, line 292: TypeError: $(...).uls is not a function
1595909428453	Marionette	INFO	Stopped listening on port 37051
1595909431866	mozrunner::runner	INFO	Running command: "/usr/bin/firefox" "-marionette" "-headless" "-foreground" "-no-remote" "-profile" "/tmp/rust_mozprofileurpeCt"
*** You are running in headless mode.
1595909433234	Marionette	INFO	Listening on port 43023
1595909433271	Marionette	WARN	TLS certificate errors will be ignored for this session
JavaScript error: https://start.fedoraproject.org/, line 292: TypeError: $(...).uls is not a function
1595909435300	Marionette	INFO	Stopped listening on port 43023
1595909439653	mozrunner::runner	INFO	Running command: "/usr/bin/firefox" "-marionette" "-headless" "-foreground" "-no-remote" "-profile" "/tmp/rust_mozprofilebVVRgh"
*** You are running in headless mode.
1595909441017	Marionette	INFO	Listening on port 42565
1595909441058	Marionette	WARN	TLS certificate errors will be ignored for this session
JavaScript error: https://start.fedoraproject.org/, line 292: TypeError: $(...).uls is not a function
1595909443257	Marionette	INFO	Stopped listening on port 42565

###!!! [Child][MessageChannel] Error: (msgtype=0x5B0005,name=PHttpChannel::Msg_Cancel) Channel closing: too late to send/recv, messages will be lost

1595909547639	mozrunner::runner	INFO	Running command: "/usr/bin/firefox" "-marionette" "-headless" "-foreground" "-no-remote" "-profile" "/tmp/rust_mozprofileZManmF"
*** You are running in headless mode.
JavaScript error: chrome://browser/content/places/browserPlacesViews.js, line 136: Error: No DOM node set for aPlacesNode.
node.type: 0. node.parent: [xpconnect wrapped nsINavHistoryResultNode]
1595909549065	Marionette	INFO	Listening on port 43745
1595909549184	Marionette	WARN	TLS certificate errors will be ignored for this session
JavaScript error: https://start.fedoraproject.org/, line 292: TypeError: $(...).uls is not a function
1595909551083	Marionette	INFO	Stopped listening on port 43745
1595909553496	mozrunner::runner	INFO	Running command: "/usr/bin/firefox" "-marionette" "-headless" "-foreground" "-no-remote" "-profile" "/tmp/rust_mozprofileX0Ra4d"
*** You are running in headless mode.
1595909554917	Marionette	INFO	Listening on port 35879
1595909555000	Marionette	WARN	TLS certificate errors will be ignored for this session
JavaScript error: https://start.fedoraproject.org/, line 292: TypeError: $(...).uls is not a function
1595909557100	Marionette	INFO	Stopped listening on port 35879
1595909591697	mozrunner::runner	INFO	Running command: "/usr/bin/firefox" "-marionette" "-headless" "-foreground" "-no-remote" "-profile" "/tmp/rust_mozprofileLSeNCZ"
*** You are running in headless mode.
1595909593084	Marionette	INFO	Listening on port 41641
1595909593102	Marionette	WARN	TLS certificate errors will be ignored for this session
JavaScript error: https://start.fedoraproject.org/, line 292: TypeError: $(...).uls is not a function
1595909595036	Marionette	INFO	Stopped listening on port 41641
1595909607469	mozrunner::runner	INFO	Running command: "/usr/bin/firefox" "-marionette" "-headless" "-foreground" "-no-remote" "-profile" "/tmp/rust_mozprofilekpJBuG"
*** You are running in headless mode.
1595909608868	Marionette	INFO	Listening on port 38125
1595909608883	Marionette	WARN	TLS certificate errors will be ignored for this session
JavaScript error: https://start.fedoraproject.org/, line 292: TypeError: $(...).uls is not a function
1595909611123	Marionette	INFO	Stopped listening on port 38125
1595909616048	mozrunner::runner	INFO	Running command: "/usr/bin/firefox" "-marionette" "-headless" "-foreground" "-no-remote" "-profile" "/tmp/rust_mozprofilebFcYPx"
*** You are running in headless mode.
1595909617431	Marionette	INFO	Listening on port 41563
1595909617454	Marionette	WARN	TLS certificate errors will be ignored for this session
JavaScript error: https://start.fedoraproject.org/, line 292: TypeError: $(...).uls is not a function
1595909619494	Marionette	INFO	Stopped listening on port 41563
1595909651680	mozrunner::runner	INFO	Running command: "/usr/bin/firefox" "-marionette" "-headless" "-foreground" "-no-remote" "-profile" "/tmp/rust_mozprofile1LMlOm"
*** You are running in headless mode.
1595909653071	Marionette	INFO	Listening on port 42621
1595909653087	Marionette	WARN	TLS certificate errors will be ignored for this session
JavaScript error: https://start.fedoraproject.org/, line 292: TypeError: $(...).uls is not a function
1595909654964	Marionette	INFO	Stopped listening on port 42621
1595909697168	mozrunner::runner	INFO	Running command: "/usr/bin/firefox" "-marionette" "-headless" "-foreground" "-no-remote" "-profile" "/tmp/rust_mozprofile59BPM3"
*** You are running in headless mode.
1595909698545	Marionette	INFO	Listening on port 39441
1595909698572	Marionette	WARN	TLS certificate errors will be ignored for this session
JavaScript error: https://start.fedoraproject.org/, line 292: TypeError: $(...).uls is not a function
1595909700609	Marionette	INFO	Stopped listening on port 39441
1595909704020	mozrunner::runner	INFO	Running command: "/usr/bin/firefox" "-marionette" "-headless" "-foreground" "-no-remote" "-profile" "/tmp/rust_mozprofileIyRtxr"
*** You are running in headless mode.
1595909705418	Marionette	INFO	Listening on port 38265
1595909705437	Marionette	WARN	TLS certificate errors will be ignored for this session
JavaScript error: https://start.fedoraproject.org/, line 292: TypeError: $(...).uls is not a function
1595909707834	Marionette	INFO	Stopped listening on port 38265
1595909811215	mozrunner::runner	INFO	Running command: "/usr/bin/firefox" "-marionette" "-headless" "-foreground" "-no-remote" "-profile" "/tmp/rust_mozprofileMOmW15"
*** You are running in headless mode.
1595909812614	Marionette	INFO	Listening on port 45667
1595909812626	Marionette	WARN	TLS certificate errors will be ignored for this session
JavaScript error: https://start.fedoraproject.org/, line 292: TypeError: $(...).uls is not a function
1595909814420	Marionette	INFO	Stopped listening on port 45667
1595909917797	mozrunner::runner	INFO	Running command: "/usr/bin/firefox" "-marionette" "-headless" "-foreground" "-no-remote" "-profile" "/tmp/rust_mozprofiletspxtQ"
*** You are running in headless mode.
1595909919182	Marionette	INFO	Listening on port 42227
1595909919202	Marionette	WARN	TLS certificate errors will be ignored for this session
JavaScript error: https://start.fedoraproject.org/, line 292: TypeError: $(...).uls is not a function
1595909921119	Marionette	INFO	Stopped listening on port 42227
1595910024548	mozrunner::runner	INFO	Running command: "/usr/bin/firefox" "-marionette" "-headless" "-foreground" "-no-remote" "-profile" "/tmp/rust_mozprofileSDzquH"
*** You are running in headless mode.
1595910025864	Marionette	INFO	Listening on port 36861
1595910025955	Marionette	WARN	TLS certificate errors will be ignored for this session
JavaScript error: https://start.fedoraproject.org/, line 292: TypeError: $(...).uls is not a function
1595910027766	Marionette	INFO	Stopped listening on port 36861
1595910044176	mozrunner::runner	INFO	Running command: "/usr/bin/firefox" "-marionette" "-headless" "-foreground" "-no-remote" "-profile" "/tmp/rust_mozprofileTlzQ7I"
*** You are running in headless mode.
1595910045632	Marionette	INFO	Listening on port 43261
1595910045731	Marionette	WARN	TLS certificate errors will be ignored for this session
JavaScript error: https://start.fedoraproject.org/, line 292: TypeError: $(...).uls is not a function
1595910047982	Marionette	INFO	Stopped listening on port 43261
1595910092485	mozrunner::runner	INFO	Running command: "/usr/bin/firefox" "-marionette" "-headless" "-foreground" "-no-remote" "-profile" "/tmp/rust_mozprofileqgBnac"
*** You are running in headless mode.
1595910093865	Marionette	INFO	Listening on port 46679
1595910093889	Marionette	WARN	TLS certificate errors will be ignored for this session
JavaScript error: https://start.fedoraproject.org/, line 292: TypeError: $(...).uls is not a function
1595910096104	Marionette	INFO	Stopped listening on port 46679
1595910163057	mozrunner::runner	INFO	Running command: "/usr/bin/firefox" "-marionette" "-headless" "-foreground" "-no-remote" "-profile" "/tmp/rust_mozprofileqyK9Gx"
*** You are running in headless mode.
1595910164385	Marionette	INFO	Listening on port 45071
1595910164461	Marionette	WARN	TLS certificate errors will be ignored for this session
JavaScript error: https://start.fedoraproject.org/, line 292: TypeError: $(...).uls is not a function
1595910166388	Marionette	INFO	Stopped listening on port 45071
1595910205670	mozrunner::runner	INFO	Running command: "/usr/bin/firefox" "-marionette" "-headless" "-foreground" "-no-remote" "-profile" "/tmp/rust_mozprofileKyjejr"
*** You are running in headless mode.
1595910207055	Marionette	INFO	Listening on port 38365
1595910207075	Marionette	WARN	TLS certificate errors will be ignored for this session
JavaScript error: https://start.fedoraproject.org/, line 292: TypeError: $(...).uls is not a function
1595910209260	Marionette	INFO	Stopped listening on port 38365
1595910820785	mozrunner::runner	INFO	Running command: "/usr/bin/firefox" "-marionette" "-headless" "-foreground" "-no-remote" "-profile" "/tmp/rust_mozprofileXJ9RQv"
*** You are running in headless mode.
1595910822186	Marionette	INFO	Listening on port 45515
1595910822194	Marionette	WARN	TLS certificate errors will be ignored for this session
JavaScript error: https://start.fedoraproject.org/, line 292: TypeError: $(...).uls is not a function
1595910824212	Marionette	INFO	Stopped listening on port 45515
1595910880706	mozrunner::runner	INFO	Running command: "/usr/bin/firefox" "-marionette" "-headless" "-foreground" "-no-remote" "-profile" "/tmp/rust_mozprofilerZ6WiU"
*** You are running in headless mode.
1595910882092	Marionette	INFO	Listening on port 44375
1595910882110	Marionette	WARN	TLS certificate errors will be ignored for this session
JavaScript error: https://start.fedoraproject.org/, line 292: TypeError: $(...).uls is not a function
1595910884124	Marionette	INFO	Stopped listening on port 44375

###!!! [Parent][RunMessage] Error: Channel closing: too late to send/recv, messages will be lost

1595910908336	mozrunner::runner	INFO	Running command: "/usr/bin/firefox" "-marionette" "-headless" "-foreground" "-no-remote" "-profile" "/tmp/rust_mozprofile6CMZUO"
*** You are running in headless mode.
JavaScript error: chrome://browser/content/places/browserPlacesViews.js, line 136: Error: No DOM node set for aPlacesNode.
node.type: 0. node.parent: [xpconnect wrapped nsINavHistoryResultNode]
1595910909733	Marionette	INFO	Listening on port 35939
1595910909744	Marionette	WARN	TLS certificate errors will be ignored for this session
JavaScript error: https://start.fedoraproject.org/, line 292: TypeError: $(...).uls is not a function
1595910912410	Marionette	INFO	Stopped listening on port 35939
1595910926203	mozrunner::runner	INFO	Running command: "/usr/bin/firefox" "-marionette" "-headless" "-foreground" "-no-remote" "-profile" "/tmp/rust_mozprofileDTqaXB"
*** You are running in headless mode.
1595910927585	Marionette	INFO	Listening on port 36051
1595910927609	Marionette	WARN	TLS certificate errors will be ignored for this session
JavaScript error: https://start.fedoraproject.org/, line 292: TypeError: $(...).uls is not a function
1595910929578	Marionette	INFO	Stopped listening on port 36051
1595910938280	mozrunner::runner	INFO	Running command: "/usr/bin/firefox" "-marionette" "-headless" "-foreground" "-no-remote" "-profile" "/tmp/rust_mozprofile8Tozll"
*** You are running in headless mode.
1595910939678	Marionette	INFO	Listening on port 45469
1595910939687	Marionette	WARN	TLS certificate errors will be ignored for this session
JavaScript error: https://start.fedoraproject.org/, line 292: TypeError: $(...).uls is not a function
1595910942374	Marionette	INFO	Stopped listening on port 45469
1595911032734	mozrunner::runner	INFO	Running command: "/usr/bin/firefox" "-marionette" "-headless" "-foreground" "-no-remote" "-profile" "/tmp/rust_mozprofileHVtL0V"
*** You are running in headless mode.
1595911034063	Marionette	INFO	Listening on port 35153
1595911034154	Marionette	WARN	TLS certificate errors will be ignored for this session
JavaScript error: https://start.fedoraproject.org/, line 292: TypeError: $(...).uls is not a function
1595911036174	Marionette	INFO	Stopped listening on port 35153

###!!! [Parent][RunMessage] Error: Channel closing: too late to send/recv, messages will be lost

1595911138549	mozrunner::runner	INFO	Running command: "/usr/bin/firefox" "-marionette" "-headless" "-foreground" "-no-remote" "-profile" "/tmp/rust_mozprofilesQ2Jqi"
*** You are running in headless mode.
1595911139919	Marionette	INFO	Listening on port 34227
1595911139954	Marionette	WARN	TLS certificate errors will be ignored for this session
JavaScript error: https://start.fedoraproject.org/, line 292: TypeError: $(...).uls is not a function
1595911144756	Marionette	INFO	Stopped listening on port 34227
1595913007868	mozrunner::runner	INFO	Running command: "/usr/bin/firefox" "-marionette" "-headless" "-foreground" "-no-remote" "-profile" "/tmp/rust_mozprofile68T48m"
*** You are running in headless mode.
1595913009277	Marionette	INFO	Listening on port 39251
1595913009440	Marionette	WARN	TLS certificate errors will be ignored for this session
JavaScript error: https://start.fedoraproject.org/, line 292: TypeError: $(...).uls is not a function
1595913012602	Marionette	INFO	Stopped listening on port 39251
